{"contracts/_mocks/MockDYSVesting.sol":{"l":{"21":5,"30":14},"path":"/Users/ghubika/repos/dystopi-contracts/contracts/_mocks/MockDYSVesting.sol","s":{"1":14},"b":{},"f":{"1":24,"2":5,"3":14},"fnMap":{"1":{"name":"constructor","line":17,"loc":{"start":{"line":17,"column":4},"end":{"line":17,"column":52}}},"2":{"name":"setCurrentTime","line":19,"loc":{"start":{"line":19,"column":4},"end":{"line":22,"column":4}}},"3":{"name":"getCurrentTime","line":24,"loc":{"start":{"line":24,"column":4},"end":{"line":31,"column":4}}}},"statementMap":{"1":{"start":{"line":30,"column":8},"end":{"line":30,"column":23}}},"branchMap":{}},"contracts/_mocks/MockERC20.sol":{"l":{"13":192},"path":"/Users/ghubika/repos/dystopi-contracts/contracts/_mocks/MockERC20.sol","s":{"1":192},"b":{},"f":{"1":192},"fnMap":{"1":{"name":"constructor","line":12,"loc":{"start":{"line":7,"column":4},"end":{"line":14,"column":4}}}},"statementMap":{"1":{"start":{"line":13,"column":8},"end":{"line":13,"column":58}}},"branchMap":{}},"contracts/DYS/DYSToken.sol":{"l":{"8":27},"path":"/Users/ghubika/repos/dystopi-contracts/contracts/DYS/DYSToken.sol","s":{"1":27},"b":{},"f":{"1":27},"fnMap":{"1":{"name":"constructor","line":7,"loc":{"start":{"line":7,"column":4},"end":{"line":9,"column":4}}}},"statementMap":{"1":{"start":{"line":8,"column":8},"end":{"line":8,"column":58}}},"branchMap":{}},"contracts/DYS/DYSVesting.sol":{"l":{"54":16,"55":16,"56":16,"64":24,"65":24,"76":3,"87":0,"88":0,"99":3,"111":1,"121":5,"145":12,"149":11,"150":10,"151":9,"152":8,"153":8,"154":8,"155":8,"167":8,"168":8,"169":8,"180":3,"181":3,"182":2,"183":2,"184":1,"186":2,"187":2,"188":2,"189":2,"200":3,"201":2,"216":6,"217":6,"218":6,"219":6,"223":5,"224":5,"225":4,"226":4,"227":4,"228":4,"239":1,"251":7,"252":7,"263":5,"274":29,"284":9,"294":17,"305":14,"306":14,"307":2,"309":5,"311":7,"312":7,"313":7,"314":7,"315":7,"316":7,"325":0},"path":"/Users/ghubika/repos/dystopi-contracts/contracts/DYS/DYSVesting.sol","s":{"1":16,"2":16,"3":24,"4":3,"5":0,"6":0,"7":3,"8":1,"9":5,"10":12,"11":11,"12":10,"13":9,"14":8,"15":8,"16":8,"17":8,"18":3,"19":3,"20":2,"21":2,"22":1,"23":2,"24":2,"25":3,"26":2,"27":6,"28":6,"29":6,"30":6,"31":5,"32":5,"33":4,"34":4,"35":1,"36":7,"37":7,"38":5,"39":29,"40":9,"41":17,"42":14,"43":14,"44":2,"45":12,"46":5,"47":7,"48":7,"49":7,"50":7,"51":7,"52":7,"53":0},"b":{"1":[16,0],"2":[16,0],"3":[24,0],"4":[0,0],"5":[12,0],"6":[11,1],"7":[10,1],"8":[9,1],"9":[8,1],"10":[8,0],"11":[3,1],"12":[3,0],"13":[2,1],"14":[1,1],"15":[3,0],"16":[3,0],"17":[2,1],"18":[6,0],"19":[6,0],"20":[5,1],"21":[3,2],"22":[4,1],"23":[7,0],"24":[2,12],"25":[2,0],"26":[5,7]},"f":{"1":16,"2":24,"3":3,"4":0,"5":3,"6":1,"7":5,"8":12,"9":3,"10":3,"11":6,"12":1,"13":7,"14":5,"15":29,"16":9,"17":17,"18":14,"19":0},"fnMap":{"1":{"name":"onlyIfVestingScheduleNotRevoked","line":53,"loc":{"start":{"line":53,"column":4},"end":{"line":57,"column":4}}},"2":{"name":"constructor","line":63,"loc":{"start":{"line":63,"column":4},"end":{"line":66,"column":4}}},"3":{"name":"getVestingSchedulesCountByBeneficiary","line":72,"loc":{"start":{"line":72,"column":4},"end":{"line":77,"column":4}}},"4":{"name":"getVestingIdAtIndex","line":83,"loc":{"start":{"line":83,"column":4},"end":{"line":89,"column":4}}},"5":{"name":"getVestingScheduleByAddressAndIndex","line":95,"loc":{"start":{"line":95,"column":4},"end":{"line":100,"column":4}}},"6":{"name":"getVestingSchedulesTotalAmount","line":107,"loc":{"start":{"line":107,"column":4},"end":{"line":112,"column":4}}},"7":{"name":"getToken","line":117,"loc":{"start":{"line":117,"column":4},"end":{"line":122,"column":4}}},"8":{"name":"createVestingSchedule","line":144,"loc":{"start":{"line":134,"column":4},"end":{"line":170,"column":4}}},"9":{"name":"revoke","line":179,"loc":{"start":{"line":176,"column":4},"end":{"line":190,"column":4}}},"10":{"name":"withdraw","line":199,"loc":{"start":{"line":196,"column":4},"end":{"line":202,"column":4}}},"11":{"name":"release","line":215,"loc":{"start":{"line":209,"column":4},"end":{"line":229,"column":4}}},"12":{"name":"getVestingSchedulesCount","line":235,"loc":{"start":{"line":235,"column":4},"end":{"line":240,"column":4}}},"13":{"name":"computeReleasableAmount","line":248,"loc":{"start":{"line":246,"column":4},"end":{"line":253,"column":4}}},"14":{"name":"getVestingSchedule","line":259,"loc":{"start":{"line":259,"column":4},"end":{"line":264,"column":4}}},"15":{"name":"getWithdrawableAmount","line":270,"loc":{"start":{"line":270,"column":4},"end":{"line":275,"column":4}}},"16":{"name":"computeNextVestingScheduleIdForHolder","line":280,"loc":{"start":{"line":280,"column":4},"end":{"line":285,"column":4}}},"17":{"name":"computeVestingScheduleIdForAddressAndIndex","line":290,"loc":{"start":{"line":290,"column":4},"end":{"line":295,"column":4}}},"18":{"name":"_computeReleasableAmount","line":301,"loc":{"start":{"line":301,"column":4},"end":{"line":318,"column":4}}},"19":{"name":"getCurrentTime","line":320,"loc":{"start":{"line":320,"column":4},"end":{"line":326,"column":4}}}},"statementMap":{"1":{"start":{"line":54,"column":8},"end":{"line":54,"column":64}},"2":{"start":{"line":55,"column":8},"end":{"line":55,"column":61}},"3":{"start":{"line":64,"column":8},"end":{"line":64,"column":38}},"4":{"start":{"line":76,"column":8},"end":{"line":76,"column":48}},"5":{"start":{"line":87,"column":8},"end":{"line":87,"column":85}},"6":{"start":{"line":88,"column":8},"end":{"line":88,"column":42}},"7":{"start":{"line":99,"column":8},"end":{"line":99,"column":92}},"8":{"start":{"line":111,"column":8},"end":{"line":111,"column":43}},"9":{"start":{"line":121,"column":8},"end":{"line":121,"column":30}},"10":{"start":{"line":145,"column":8},"end":{"line":145,"column":4876}},"11":{"start":{"line":149,"column":8},"end":{"line":149,"column":64}},"12":{"start":{"line":150,"column":8},"end":{"line":150,"column":60}},"13":{"start":{"line":151,"column":8},"end":{"line":151,"column":86}},"14":{"start":{"line":152,"column":8},"end":{"line":152,"column":95}},"15":{"start":{"line":153,"column":8},"end":{"line":153,"column":86}},"16":{"start":{"line":154,"column":8},"end":{"line":154,"column":42}},"17":{"start":{"line":168,"column":8},"end":{"line":168,"column":51}},"18":{"start":{"line":180,"column":8},"end":{"line":180,"column":86}},"19":{"start":{"line":181,"column":8},"end":{"line":181,"column":81}},"20":{"start":{"line":182,"column":8},"end":{"line":182,"column":72}},"21":{"start":{"line":183,"column":8},"end":{"line":183,"column":6448}},"22":{"start":{"line":184,"column":12},"end":{"line":184,"column":51}},"23":{"start":{"line":186,"column":8},"end":{"line":186,"column":83}},"24":{"start":{"line":189,"column":8},"end":{"line":189,"column":39}},"25":{"start":{"line":200,"column":8},"end":{"line":200,"column":94}},"26":{"start":{"line":201,"column":8},"end":{"line":201,"column":43}},"27":{"start":{"line":216,"column":8},"end":{"line":216,"column":86}},"28":{"start":{"line":217,"column":8},"end":{"line":217,"column":70}},"29":{"start":{"line":218,"column":8},"end":{"line":218,"column":44}},"30":{"start":{"line":219,"column":8},"end":{"line":219,"column":7660}},"31":{"start":{"line":223,"column":8},"end":{"line":223,"column":72}},"32":{"start":{"line":224,"column":8},"end":{"line":224,"column":101}},"33":{"start":{"line":227,"column":8},"end":{"line":227,"column":63}},"34":{"start":{"line":228,"column":8},"end":{"line":228,"column":48}},"35":{"start":{"line":239,"column":8},"end":{"line":239,"column":42}},"36":{"start":{"line":251,"column":8},"end":{"line":251,"column":86}},"37":{"start":{"line":252,"column":8},"end":{"line":252,"column":56}},"38":{"start":{"line":263,"column":8},"end":{"line":263,"column":51}},"39":{"start":{"line":274,"column":8},"end":{"line":274,"column":77}},"40":{"start":{"line":284,"column":8},"end":{"line":284,"column":95}},"41":{"start":{"line":294,"column":8},"end":{"line":294,"column":57}},"42":{"start":{"line":305,"column":8},"end":{"line":305,"column":46}},"43":{"start":{"line":306,"column":8},"end":{"line":306,"column":10460}},"44":{"start":{"line":307,"column":12},"end":{"line":307,"column":20}},"45":{"start":{"line":308,"column":15},"end":{"line":308,"column":10569}},"46":{"start":{"line":309,"column":12},"end":{"line":309,"column":73}},"47":{"start":{"line":311,"column":12},"end":{"line":311,"column":71}},"48":{"start":{"line":312,"column":12},"end":{"line":312,"column":69}},"49":{"start":{"line":313,"column":12},"end":{"line":313,"column":72}},"50":{"start":{"line":314,"column":12},"end":{"line":314,"column":72}},"51":{"start":{"line":315,"column":12},"end":{"line":315,"column":105}},"52":{"start":{"line":316,"column":12},"end":{"line":316,"column":58}},"53":{"start":{"line":325,"column":8},"end":{"line":325,"column":30}}},"branchMap":{"1":{"line":54,"type":"if","locations":[{"start":{"line":54,"column":8},"end":{"line":54,"column":8}},{"start":{"line":54,"column":8},"end":{"line":54,"column":8}}]},"2":{"line":55,"type":"if","locations":[{"start":{"line":55,"column":8},"end":{"line":55,"column":8}},{"start":{"line":55,"column":8},"end":{"line":55,"column":8}}]},"3":{"line":64,"type":"if","locations":[{"start":{"line":64,"column":8},"end":{"line":64,"column":8}},{"start":{"line":64,"column":8},"end":{"line":64,"column":8}}]},"4":{"line":87,"type":"if","locations":[{"start":{"line":87,"column":8},"end":{"line":87,"column":8}},{"start":{"line":87,"column":8},"end":{"line":87,"column":8}}]},"5":{"line":144,"type":"if","locations":[{"start":{"line":144,"column":4},"end":{"line":144,"column":4}},{"start":{"line":144,"column":4},"end":{"line":144,"column":4}}]},"6":{"line":145,"type":"if","locations":[{"start":{"line":145,"column":8},"end":{"line":145,"column":8}},{"start":{"line":145,"column":8},"end":{"line":145,"column":8}}]},"7":{"line":149,"type":"if","locations":[{"start":{"line":149,"column":8},"end":{"line":149,"column":8}},{"start":{"line":149,"column":8},"end":{"line":149,"column":8}}]},"8":{"line":150,"type":"if","locations":[{"start":{"line":150,"column":8},"end":{"line":150,"column":8}},{"start":{"line":150,"column":8},"end":{"line":150,"column":8}}]},"9":{"line":151,"type":"if","locations":[{"start":{"line":151,"column":8},"end":{"line":151,"column":8}},{"start":{"line":151,"column":8},"end":{"line":151,"column":8}}]},"10":{"line":152,"type":"if","locations":[{"start":{"line":152,"column":8},"end":{"line":152,"column":8}},{"start":{"line":152,"column":8},"end":{"line":152,"column":8}}]},"11":{"line":178,"type":"if","locations":[{"start":{"line":178,"column":4},"end":{"line":178,"column":4}},{"start":{"line":178,"column":4},"end":{"line":178,"column":4}}]},"12":{"line":179,"type":"if","locations":[{"start":{"line":179,"column":4},"end":{"line":179,"column":4}},{"start":{"line":179,"column":4},"end":{"line":179,"column":4}}]},"13":{"line":181,"type":"if","locations":[{"start":{"line":181,"column":8},"end":{"line":181,"column":8}},{"start":{"line":181,"column":8},"end":{"line":181,"column":8}}]},"14":{"line":183,"type":"if","locations":[{"start":{"line":183,"column":8},"end":{"line":183,"column":8}},{"start":{"line":183,"column":8},"end":{"line":183,"column":8}}]},"15":{"line":198,"type":"if","locations":[{"start":{"line":198,"column":4},"end":{"line":198,"column":4}},{"start":{"line":198,"column":4},"end":{"line":198,"column":4}}]},"16":{"line":199,"type":"if","locations":[{"start":{"line":199,"column":4},"end":{"line":199,"column":4}},{"start":{"line":199,"column":4},"end":{"line":199,"column":4}}]},"17":{"line":200,"type":"if","locations":[{"start":{"line":200,"column":8},"end":{"line":200,"column":8}},{"start":{"line":200,"column":8},"end":{"line":200,"column":8}}]},"18":{"line":214,"type":"if","locations":[{"start":{"line":214,"column":4},"end":{"line":214,"column":4}},{"start":{"line":214,"column":4},"end":{"line":214,"column":4}}]},"19":{"line":215,"type":"if","locations":[{"start":{"line":215,"column":4},"end":{"line":215,"column":4}},{"start":{"line":215,"column":4},"end":{"line":215,"column":4}}]},"20":{"line":219,"type":"if","locations":[{"start":{"line":219,"column":8},"end":{"line":219,"column":8}},{"start":{"line":219,"column":8},"end":{"line":219,"column":8}}]},"21":{"line":220,"type":"cond-expr","locations":[{"start":{"line":220,"column":12},"end":{"line":220,"column":24}},{"start":{"line":220,"column":29},"end":{"line":220,"column":35}}]},"22":{"line":224,"type":"if","locations":[{"start":{"line":224,"column":8},"end":{"line":224,"column":8}},{"start":{"line":224,"column":8},"end":{"line":224,"column":8}}]},"23":{"line":248,"type":"if","locations":[{"start":{"line":248,"column":4},"end":{"line":248,"column":4}},{"start":{"line":248,"column":4},"end":{"line":248,"column":4}}]},"24":{"line":306,"type":"if","locations":[{"start":{"line":306,"column":8},"end":{"line":306,"column":8}},{"start":{"line":306,"column":8},"end":{"line":306,"column":8}}]},"25":{"line":306,"type":"cond-expr","locations":[{"start":{"line":306,"column":12},"end":{"line":306,"column":48}},{"start":{"line":306,"column":53},"end":{"line":306,"column":75}}]},"26":{"line":308,"type":"if","locations":[{"start":{"line":308,"column":15},"end":{"line":308,"column":15}},{"start":{"line":308,"column":15},"end":{"line":308,"column":15}}]}}},"contracts/Marketplace/InGameAssetMarketplace.sol":{"l":{"53":0,"54":0,"55":0,"56":0,"57":0,"58":0,"68":0,"72":0,"76":0,"80":0,"84":0,"89":0,"90":0,"91":0,"93":0,"94":0,"96":0,"99":0,"100":0,"103":0,"104":0,"105":0,"106":0,"108":0,"110":0,"111":0,"115":0,"118":0,"120":0,"122":0,"123":0,"128":0,"129":0,"134":0,"135":0,"140":0,"144":0,"148":0,"152":0,"156":0,"160":0,"164":0,"173":0,"178":0,"182":0,"191":0,"200":0},"path":"/Users/ghubika/repos/dystopi-contracts/contracts/Marketplace/InGameAssetMarketplace.sol","s":{"1":0,"2":0,"3":0,"4":0,"5":0,"6":0,"7":0,"8":0,"9":0,"10":0,"11":0,"12":0,"13":0,"14":0,"15":0,"16":0,"17":0,"18":0,"19":0,"20":0,"21":0,"22":0,"23":0,"24":0,"25":0,"26":0,"27":0,"28":0,"29":0,"30":0,"31":0,"32":0,"33":0,"34":0,"35":0,"36":0,"37":0,"38":0},"b":{"1":[0,0],"2":[0,0],"3":[0,0],"4":[0,0],"5":[0,0],"6":[0,0],"7":[0,0],"8":[0,0],"9":[0,0],"10":[0,0],"11":[0,0],"12":[0,0],"13":[0,0],"14":[0,0],"15":[0,0],"16":[0,0],"17":[0,0],"18":[0,0],"19":[0,0],"20":[0,0],"21":[0,0]},"f":{"1":0,"2":0,"3":0,"4":0,"5":0,"6":0,"7":0,"8":0,"9":0,"10":0,"11":0,"12":0,"13":0,"14":0,"15":0},"fnMap":{"1":{"name":"constructor","line":45,"loc":{"start":{"line":45,"column":4},"end":{"line":59,"column":4}}},"2":{"name":"purchase","line":67,"loc":{"start":{"line":61,"column":4},"end":{"line":125,"column":4}}},"3":{"name":"setupAssets","line":127,"loc":{"start":{"line":127,"column":4},"end":{"line":131,"column":4}}},"4":{"name":"activateAssets","line":133,"loc":{"start":{"line":133,"column":4},"end":{"line":137,"column":4}}},"5":{"name":"pause","line":139,"loc":{"start":{"line":139,"column":4},"end":{"line":141,"column":4}}},"6":{"name":"unpause","line":143,"loc":{"start":{"line":143,"column":4},"end":{"line":145,"column":4}}},"7":{"name":"withdrawEth","line":147,"loc":{"start":{"line":147,"column":4},"end":{"line":149,"column":4}}},"8":{"name":"withdrawErc20","line":151,"loc":{"start":{"line":151,"column":4},"end":{"line":153,"column":4}}},"9":{"name":"setTrustedForwarder","line":155,"loc":{"start":{"line":155,"column":4},"end":{"line":157,"column":4}}},"10":{"name":"setSigner","line":159,"loc":{"start":{"line":159,"column":4},"end":{"line":161,"column":4}}},"11":{"name":"getSigner","line":163,"loc":{"start":{"line":163,"column":4},"end":{"line":165,"column":4}}},"12":{"name":"hashTransaction","line":167,"loc":{"start":{"line":167,"column":4},"end":{"line":179,"column":4}}},"13":{"name":"matchAddressSigner","line":181,"loc":{"start":{"line":181,"column":4},"end":{"line":183,"column":4}}},"14":{"name":"_msgSender","line":185,"loc":{"start":{"line":185,"column":4},"end":{"line":192,"column":4}}},"15":{"name":"_msgData","line":194,"loc":{"start":{"line":194,"column":4},"end":{"line":201,"column":4}}}},"statementMap":{"1":{"start":{"line":53,"column":8},"end":{"line":53,"column":44}},"2":{"start":{"line":54,"column":8},"end":{"line":54,"column":38}},"3":{"start":{"line":55,"column":8},"end":{"line":55,"column":47}},"4":{"start":{"line":56,"column":8},"end":{"line":56,"column":48}},"5":{"start":{"line":58,"column":8},"end":{"line":58,"column":46}},"6":{"start":{"line":68,"column":8},"end":{"line":68,"column":1990}},"7":{"start":{"line":72,"column":8},"end":{"line":72,"column":2122}},"8":{"start":{"line":76,"column":8},"end":{"line":76,"column":2243}},"9":{"start":{"line":80,"column":8},"end":{"line":80,"column":2361}},"10":{"start":{"line":84,"column":8},"end":{"line":84,"column":2509}},"11":{"start":{"line":89,"column":8},"end":{"line":89,"column":30}},"12":{"start":{"line":90,"column":8},"end":{"line":90,"column":32}},"13":{"start":{"line":91,"column":8},"end":{"line":91,"column":41}},"14":{"start":{"line":93,"column":8},"end":{"line":93,"column":2774}},"15":{"start":{"line":94,"column":12},"end":{"line":94,"column":83}},"16":{"start":{"line":96,"column":12},"end":{"line":96,"column":54}},"17":{"start":{"line":99,"column":12},"end":{"line":99,"column":3039}},"18":{"start":{"line":103,"column":16},"end":{"line":103,"column":3267}},"19":{"start":{"line":104,"column":20},"end":{"line":104,"column":3333}},"20":{"start":{"line":105,"column":24},"end":{"line":105,"column":102}},"21":{"start":{"line":110,"column":16},"end":{"line":110,"column":3647}},"22":{"start":{"line":115,"column":12},"end":{"line":115,"column":58}},"23":{"start":{"line":118,"column":8},"end":{"line":118,"column":88}},"24":{"start":{"line":122,"column":8},"end":{"line":122,"column":3984}},"25":{"start":{"line":123,"column":12},"end":{"line":123,"column":90}},"26":{"start":{"line":128,"column":8},"end":{"line":128,"column":4247}},"27":{"start":{"line":134,"column":8},"end":{"line":134,"column":4473}},"28":{"start":{"line":140,"column":8},"end":{"line":140,"column":15}},"29":{"start":{"line":144,"column":8},"end":{"line":144,"column":17}},"30":{"start":{"line":148,"column":8},"end":{"line":148,"column":45}},"31":{"start":{"line":152,"column":8},"end":{"line":152,"column":58}},"32":{"start":{"line":156,"column":8},"end":{"line":156,"column":38}},"33":{"start":{"line":164,"column":8},"end":{"line":164,"column":22}},"34":{"start":{"line":173,"column":8},"end":{"line":173,"column":5575}},"35":{"start":{"line":178,"column":8},"end":{"line":178,"column":19}},"36":{"start":{"line":182,"column":8},"end":{"line":182,"column":49}},"37":{"start":{"line":191,"column":8},"end":{"line":191,"column":44}},"38":{"start":{"line":200,"column":8},"end":{"line":200,"column":42}}},"branchMap":{"1":{"line":67,"type":"if","locations":[{"start":{"line":67,"column":23},"end":{"line":67,"column":23}},{"start":{"line":67,"column":23},"end":{"line":67,"column":23}}]},"2":{"line":68,"type":"if","locations":[{"start":{"line":68,"column":8},"end":{"line":68,"column":8}},{"start":{"line":68,"column":8},"end":{"line":68,"column":8}}]},"3":{"line":72,"type":"if","locations":[{"start":{"line":72,"column":8},"end":{"line":72,"column":8}},{"start":{"line":72,"column":8},"end":{"line":72,"column":8}}]},"4":{"line":76,"type":"if","locations":[{"start":{"line":76,"column":8},"end":{"line":76,"column":8}},{"start":{"line":76,"column":8},"end":{"line":76,"column":8}}]},"5":{"line":80,"type":"if","locations":[{"start":{"line":80,"column":8},"end":{"line":80,"column":8}},{"start":{"line":80,"column":8},"end":{"line":80,"column":8}}]},"6":{"line":84,"type":"if","locations":[{"start":{"line":84,"column":8},"end":{"line":84,"column":8}},{"start":{"line":84,"column":8},"end":{"line":84,"column":8}}]},"7":{"line":94,"type":"if","locations":[{"start":{"line":94,"column":12},"end":{"line":94,"column":12}},{"start":{"line":94,"column":12},"end":{"line":94,"column":12}}]},"8":{"line":99,"type":"if","locations":[{"start":{"line":99,"column":12},"end":{"line":99,"column":12}},{"start":{"line":99,"column":12},"end":{"line":99,"column":12}}]},"9":{"line":103,"type":"if","locations":[{"start":{"line":103,"column":16},"end":{"line":103,"column":16}},{"start":{"line":103,"column":16},"end":{"line":103,"column":16}}]},"10":{"line":104,"type":"if","locations":[{"start":{"line":104,"column":20},"end":{"line":104,"column":20}},{"start":{"line":104,"column":20},"end":{"line":104,"column":20}}]},"11":{"line":110,"type":"if","locations":[{"start":{"line":110,"column":16},"end":{"line":110,"column":16}},{"start":{"line":110,"column":16},"end":{"line":110,"column":16}}]},"12":{"line":118,"type":"if","locations":[{"start":{"line":118,"column":8},"end":{"line":118,"column":8}},{"start":{"line":118,"column":8},"end":{"line":118,"column":8}}]},"13":{"line":122,"type":"if","locations":[{"start":{"line":122,"column":8},"end":{"line":122,"column":8}},{"start":{"line":122,"column":8},"end":{"line":122,"column":8}}]},"14":{"line":127,"type":"if","locations":[{"start":{"line":127,"column":59},"end":{"line":127,"column":59}},{"start":{"line":127,"column":59},"end":{"line":127,"column":59}}]},"15":{"line":133,"type":"if","locations":[{"start":{"line":133,"column":76},"end":{"line":133,"column":76}},{"start":{"line":133,"column":76},"end":{"line":133,"column":76}}]},"16":{"line":139,"type":"if","locations":[{"start":{"line":139,"column":28},"end":{"line":139,"column":28}},{"start":{"line":139,"column":28},"end":{"line":139,"column":28}}]},"17":{"line":143,"type":"if","locations":[{"start":{"line":143,"column":30},"end":{"line":143,"column":30}},{"start":{"line":143,"column":30},"end":{"line":143,"column":30}}]},"18":{"line":147,"type":"if","locations":[{"start":{"line":147,"column":47},"end":{"line":147,"column":47}},{"start":{"line":147,"column":47},"end":{"line":147,"column":47}}]},"19":{"line":151,"type":"if","locations":[{"start":{"line":151,"column":71},"end":{"line":151,"column":71}},{"start":{"line":151,"column":71},"end":{"line":151,"column":71}}]},"20":{"line":155,"type":"if","locations":[{"start":{"line":155,"column":61},"end":{"line":155,"column":61}},{"start":{"line":155,"column":61},"end":{"line":155,"column":61}}]},"21":{"line":159,"type":"if","locations":[{"start":{"line":159,"column":49},"end":{"line":159,"column":49}},{"start":{"line":159,"column":49},"end":{"line":159,"column":49}}]}}},"contracts/Marketplace/InGameItemMarketplace.sol":{"l":{"60":96,"61":96,"62":96,"63":96,"65":96,"66":96,"67":96,"78":19,"82":18,"86":17,"90":16,"94":15,"99":14,"100":14,"101":14,"103":14,"104":26,"106":25,"109":24,"110":11,"113":13,"114":13,"115":4,"116":4,"118":13,"120":13,"121":13,"126":12,"128":11,"130":11,"131":9,"134":10,"141":35,"142":135,"143":135,"144":135,"148":134,"154":133,"155":133,"156":133,"157":133,"158":133,"160":133,"161":5,"163":128,"173":3,"175":2,"176":8,"177":8,"182":2,"186":2,"190":1,"194":1,"198":1,"202":1,"206":1,"210":1,"214":1,"218":0,"226":37,"231":36,"241":17,"246":17,"250":19,"259":485,"268":0},"path":"/Users/ghubika/repos/dystopi-contracts/contracts/Marketplace/InGameItemMarketplace.sol","s":{"1":96,"2":96,"3":96,"4":96,"5":96,"6":19,"7":18,"8":17,"9":16,"10":15,"11":14,"12":14,"13":14,"14":14,"15":26,"16":25,"17":24,"18":13,"19":13,"20":4,"21":13,"22":12,"23":11,"24":9,"25":10,"26":35,"27":135,"28":135,"29":135,"30":134,"31":133,"32":133,"33":128,"34":3,"35":2,"36":8,"37":2,"38":2,"39":1,"40":1,"41":1,"42":1,"43":1,"44":0,"45":37,"46":36,"47":17,"48":17,"49":19,"50":485,"51":0},"b":{"1":[19,1],"2":[18,1],"3":[17,1],"4":[16,1],"5":[15,1],"6":[14,1],"7":[25,1],"8":[11,13],"9":[13,0],"10":[4,9],"11":[13,0],"12":[11,1],"13":[9,2],"14":[35,1],"15":[134,1],"16":[133,1],"17":[66,67],"18":[5,128],"19":[3,1],"20":[2,1],"21":[2,1],"22":[2,0],"23":[1,1],"24":[1,1],"25":[1,1],"26":[1,1],"27":[1,1],"28":[36,1]},"f":{"1":96,"2":19,"3":35,"4":3,"5":2,"6":2,"7":1,"8":1,"9":1,"10":1,"11":1,"12":1,"13":1,"14":0,"15":37,"16":17,"17":19,"18":485,"19":0},"fnMap":{"1":{"name":"constructor","line":51,"loc":{"start":{"line":51,"column":4},"end":{"line":68,"column":4}}},"2":{"name":"purchase","line":77,"loc":{"start":{"line":70,"column":4},"end":{"line":135,"column":4}}},"3":{"name":"setupItemSeriesPricing","line":139,"loc":{"start":{"line":137,"column":4},"end":{"line":166,"column":4}}},"4":{"name":"activateItemSeries","line":172,"loc":{"start":{"line":168,"column":4},"end":{"line":179,"column":4}}},"5":{"name":"pause","line":181,"loc":{"start":{"line":181,"column":4},"end":{"line":183,"column":4}}},"6":{"name":"unpause","line":185,"loc":{"start":{"line":185,"column":4},"end":{"line":187,"column":4}}},"7":{"name":"withdrawEth","line":189,"loc":{"start":{"line":189,"column":4},"end":{"line":191,"column":4}}},"8":{"name":"withdrawErc20","line":193,"loc":{"start":{"line":193,"column":4},"end":{"line":195,"column":4}}},"9":{"name":"setInGameItems","line":197,"loc":{"start":{"line":197,"column":4},"end":{"line":199,"column":4}}},"10":{"name":"setTrustedForwarder","line":201,"loc":{"start":{"line":201,"column":4},"end":{"line":203,"column":4}}},"11":{"name":"setSigner","line":205,"loc":{"start":{"line":205,"column":4},"end":{"line":207,"column":4}}},"12":{"name":"getSigner","line":209,"loc":{"start":{"line":209,"column":4},"end":{"line":211,"column":4}}},"13":{"name":"getInGameItems","line":213,"loc":{"start":{"line":213,"column":4},"end":{"line":215,"column":4}}},"14":{"name":"getItemSeriesPricingLength","line":217,"loc":{"start":{"line":217,"column":4},"end":{"line":219,"column":4}}},"15":{"name":"getItemSeriesPricing","line":221,"loc":{"start":{"line":221,"column":4},"end":{"line":232,"column":4}}},"16":{"name":"hashTransaction","line":234,"loc":{"start":{"line":234,"column":4},"end":{"line":247,"column":4}}},"17":{"name":"matchAddressSigner","line":249,"loc":{"start":{"line":249,"column":4},"end":{"line":251,"column":4}}},"18":{"name":"_msgSender","line":253,"loc":{"start":{"line":253,"column":4},"end":{"line":260,"column":4}}},"19":{"name":"_msgData","line":262,"loc":{"start":{"line":262,"column":4},"end":{"line":269,"column":4}}}},"statementMap":{"1":{"start":{"line":60,"column":8},"end":{"line":60,"column":44}},"2":{"start":{"line":61,"column":8},"end":{"line":61,"column":38}},"3":{"start":{"line":62,"column":8},"end":{"line":62,"column":47}},"4":{"start":{"line":63,"column":8},"end":{"line":63,"column":48}},"5":{"start":{"line":67,"column":8},"end":{"line":67,"column":46}},"6":{"start":{"line":78,"column":8},"end":{"line":78,"column":2386}},"7":{"start":{"line":82,"column":8},"end":{"line":82,"column":2533}},"8":{"start":{"line":86,"column":8},"end":{"line":86,"column":2650}},"9":{"start":{"line":90,"column":8},"end":{"line":90,"column":2817}},"10":{"start":{"line":94,"column":8},"end":{"line":94,"column":2989}},"11":{"start":{"line":99,"column":8},"end":{"line":99,"column":30}},"12":{"start":{"line":100,"column":8},"end":{"line":100,"column":32}},"13":{"start":{"line":101,"column":8},"end":{"line":101,"column":41}},"14":{"start":{"line":103,"column":8},"end":{"line":103,"column":3218}},"15":{"start":{"line":104,"column":12},"end":{"line":104,"column":82}},"16":{"start":{"line":106,"column":12},"end":{"line":106,"column":107}},"17":{"start":{"line":109,"column":12},"end":{"line":109,"column":3534}},"18":{"start":{"line":113,"column":16},"end":{"line":113,"column":3786}},"19":{"start":{"line":114,"column":20},"end":{"line":114,"column":3864}},"20":{"start":{"line":115,"column":24},"end":{"line":115,"column":102}},"21":{"start":{"line":120,"column":16},"end":{"line":120,"column":4190}},"22":{"start":{"line":126,"column":8},"end":{"line":126,"column":87}},"23":{"start":{"line":130,"column":8},"end":{"line":130,"column":4489}},"24":{"start":{"line":131,"column":12},"end":{"line":131,"column":90}},"25":{"start":{"line":134,"column":8},"end":{"line":134,"column":68}},"26":{"start":{"line":141,"column":8},"end":{"line":141,"column":4874}},"27":{"start":{"line":142,"column":12},"end":{"line":142,"column":90}},"28":{"start":{"line":143,"column":12},"end":{"line":143,"column":117}},"29":{"start":{"line":144,"column":12},"end":{"line":144,"column":5157}},"30":{"start":{"line":148,"column":12},"end":{"line":148,"column":5345}},"31":{"start":{"line":154,"column":12},"end":{"line":154,"column":57}},"32":{"start":{"line":160,"column":12},"end":{"line":160,"column":6038}},"33":{"start":{"line":163,"column":16},"end":{"line":163,"column":61}},"34":{"start":{"line":173,"column":8},"end":{"line":173,"column":102}},"35":{"start":{"line":175,"column":8},"end":{"line":175,"column":6610}},"36":{"start":{"line":176,"column":12},"end":{"line":176,"column":115}},"37":{"start":{"line":182,"column":8},"end":{"line":182,"column":15}},"38":{"start":{"line":186,"column":8},"end":{"line":186,"column":17}},"39":{"start":{"line":190,"column":8},"end":{"line":190,"column":45}},"40":{"start":{"line":194,"column":8},"end":{"line":194,"column":58}},"41":{"start":{"line":202,"column":8},"end":{"line":202,"column":38}},"42":{"start":{"line":210,"column":8},"end":{"line":210,"column":22}},"43":{"start":{"line":214,"column":8},"end":{"line":214,"column":36}},"44":{"start":{"line":218,"column":8},"end":{"line":218,"column":50}},"45":{"start":{"line":226,"column":8},"end":{"line":226,"column":8194}},"46":{"start":{"line":231,"column":8},"end":{"line":231,"column":57}},"47":{"start":{"line":241,"column":8},"end":{"line":241,"column":8641}},"48":{"start":{"line":246,"column":8},"end":{"line":246,"column":19}},"49":{"start":{"line":250,"column":8},"end":{"line":250,"column":49}},"50":{"start":{"line":259,"column":8},"end":{"line":259,"column":44}},"51":{"start":{"line":268,"column":8},"end":{"line":268,"column":42}}},"branchMap":{"1":{"line":77,"type":"if","locations":[{"start":{"line":77,"column":23},"end":{"line":77,"column":23}},{"start":{"line":77,"column":23},"end":{"line":77,"column":23}}]},"2":{"line":78,"type":"if","locations":[{"start":{"line":78,"column":8},"end":{"line":78,"column":8}},{"start":{"line":78,"column":8},"end":{"line":78,"column":8}}]},"3":{"line":82,"type":"if","locations":[{"start":{"line":82,"column":8},"end":{"line":82,"column":8}},{"start":{"line":82,"column":8},"end":{"line":82,"column":8}}]},"4":{"line":86,"type":"if","locations":[{"start":{"line":86,"column":8},"end":{"line":86,"column":8}},{"start":{"line":86,"column":8},"end":{"line":86,"column":8}}]},"5":{"line":90,"type":"if","locations":[{"start":{"line":90,"column":8},"end":{"line":90,"column":8}},{"start":{"line":90,"column":8},"end":{"line":90,"column":8}}]},"6":{"line":94,"type":"if","locations":[{"start":{"line":94,"column":8},"end":{"line":94,"column":8}},{"start":{"line":94,"column":8},"end":{"line":94,"column":8}}]},"7":{"line":104,"type":"if","locations":[{"start":{"line":104,"column":12},"end":{"line":104,"column":12}},{"start":{"line":104,"column":12},"end":{"line":104,"column":12}}]},"8":{"line":109,"type":"if","locations":[{"start":{"line":109,"column":12},"end":{"line":109,"column":12}},{"start":{"line":109,"column":12},"end":{"line":109,"column":12}}]},"9":{"line":113,"type":"if","locations":[{"start":{"line":113,"column":16},"end":{"line":113,"column":16}},{"start":{"line":113,"column":16},"end":{"line":113,"column":16}}]},"10":{"line":114,"type":"if","locations":[{"start":{"line":114,"column":20},"end":{"line":114,"column":20}},{"start":{"line":114,"column":20},"end":{"line":114,"column":20}}]},"11":{"line":120,"type":"if","locations":[{"start":{"line":120,"column":16},"end":{"line":120,"column":16}},{"start":{"line":120,"column":16},"end":{"line":120,"column":16}}]},"12":{"line":126,"type":"if","locations":[{"start":{"line":126,"column":8},"end":{"line":126,"column":8}},{"start":{"line":126,"column":8},"end":{"line":126,"column":8}}]},"13":{"line":130,"type":"if","locations":[{"start":{"line":130,"column":8},"end":{"line":130,"column":8}},{"start":{"line":130,"column":8},"end":{"line":130,"column":8}}]},"14":{"line":139,"type":"if","locations":[{"start":{"line":139,"column":4},"end":{"line":139,"column":4}},{"start":{"line":139,"column":4},"end":{"line":139,"column":4}}]},"15":{"line":144,"type":"if","locations":[{"start":{"line":144,"column":12},"end":{"line":144,"column":12}},{"start":{"line":144,"column":12},"end":{"line":144,"column":12}}]},"16":{"line":148,"type":"if","locations":[{"start":{"line":148,"column":12},"end":{"line":148,"column":12}},{"start":{"line":148,"column":12},"end":{"line":148,"column":12}}]},"17":{"line":149,"type":"cond-expr","locations":[{"start":{"line":149,"column":16},"end":{"line":149,"column":54}},{"start":{"line":150,"column":16},"end":{"line":150,"column":113}}]},"18":{"line":160,"type":"if","locations":[{"start":{"line":160,"column":12},"end":{"line":160,"column":12}},{"start":{"line":160,"column":12},"end":{"line":160,"column":12}}]},"19":{"line":172,"type":"if","locations":[{"start":{"line":172,"column":15},"end":{"line":172,"column":15}},{"start":{"line":172,"column":15},"end":{"line":172,"column":15}}]},"20":{"line":173,"type":"if","locations":[{"start":{"line":173,"column":8},"end":{"line":173,"column":8}},{"start":{"line":173,"column":8},"end":{"line":173,"column":8}}]},"21":{"line":181,"type":"if","locations":[{"start":{"line":181,"column":28},"end":{"line":181,"column":28}},{"start":{"line":181,"column":28},"end":{"line":181,"column":28}}]},"22":{"line":185,"type":"if","locations":[{"start":{"line":185,"column":30},"end":{"line":185,"column":30}},{"start":{"line":185,"column":30},"end":{"line":185,"column":30}}]},"23":{"line":189,"type":"if","locations":[{"start":{"line":189,"column":47},"end":{"line":189,"column":47}},{"start":{"line":189,"column":47},"end":{"line":189,"column":47}}]},"24":{"line":193,"type":"if","locations":[{"start":{"line":193,"column":71},"end":{"line":193,"column":71}},{"start":{"line":193,"column":71},"end":{"line":193,"column":71}}]},"25":{"line":197,"type":"if","locations":[{"start":{"line":197,"column":65},"end":{"line":197,"column":65}},{"start":{"line":197,"column":65},"end":{"line":197,"column":65}}]},"26":{"line":201,"type":"if","locations":[{"start":{"line":201,"column":61},"end":{"line":201,"column":61}},{"start":{"line":201,"column":61},"end":{"line":201,"column":61}}]},"27":{"line":205,"type":"if","locations":[{"start":{"line":205,"column":49},"end":{"line":205,"column":49}},{"start":{"line":205,"column":49},"end":{"line":205,"column":49}}]},"28":{"line":226,"type":"if","locations":[{"start":{"line":226,"column":8},"end":{"line":226,"column":8}},{"start":{"line":226,"column":8},"end":{"line":226,"column":8}}]}}},"contracts/NFT/base/ERC721WithBaseUriUpgradeable.sol":{"l":{"11":174,"15":174,"19":175,"23":1},"path":"/Users/ghubika/repos/dystopi-contracts/contracts/NFT/base/ERC721WithBaseUriUpgradeable.sol","s":{"1":174,"2":174,"3":1},"b":{"1":[174,0],"2":[174,0]},"f":{"1":174,"2":174,"3":175,"4":1},"fnMap":{"1":{"name":"__ERC721WithBaseUriUpgradeable_init","line":10,"loc":{"start":{"line":10,"column":4},"end":{"line":12,"column":4}}},"2":{"name":"__ERC721WithBaseUriUpgradeable_init_unchained","line":14,"loc":{"start":{"line":14,"column":4},"end":{"line":16,"column":4}}},"3":{"name":"_setBaseURI","line":18,"loc":{"start":{"line":18,"column":4},"end":{"line":20,"column":4}}},"4":{"name":"_baseURI","line":22,"loc":{"start":{"line":22,"column":4},"end":{"line":24,"column":4}}}},"statementMap":{"1":{"start":{"line":11,"column":8},"end":{"line":11,"column":62}},"2":{"start":{"line":15,"column":8},"end":{"line":15,"column":28}},"3":{"start":{"line":23,"column":8},"end":{"line":23,"column":22}}},"branchMap":{"1":{"line":10,"type":"if","locations":[{"start":{"line":10,"column":82},"end":{"line":10,"column":82}},{"start":{"line":10,"column":82},"end":{"line":10,"column":82}}]},"2":{"line":14,"type":"if","locations":[{"start":{"line":14,"column":92},"end":{"line":14,"column":92}},{"start":{"line":14,"column":92},"end":{"line":14,"column":92}}]}}},"contracts/NFT/InGameItems.sol":{"l":{"55":174,"56":174,"57":174,"60":174,"61":174,"62":174,"63":174,"65":174,"67":174,"76":22,"80":21,"81":37,"82":36,"83":36,"88":34,"89":102,"90":102,"91":102,"97":46,"98":154,"99":154,"100":153,"101":152,"106":51,"107":187,"109":187,"114":187,"119":186,"124":184,"126":184,"127":184,"128":184,"129":184,"130":184,"132":184,"134":184,"144":3,"145":2,"146":1,"150":14,"151":14,"152":13,"156":12,"158":12,"159":12,"160":12,"161":12,"162":12,"163":12,"164":12,"165":12,"167":12,"171":1,"175":1,"179":1,"183":1,"191":101,"200":891,"209":0,"218":1,"227":0},"path":"/Users/ghubika/repos/dystopi-contracts/contracts/NFT/InGameItems.sol","s":{"1":174,"2":174,"3":174,"4":174,"5":174,"6":174,"7":174,"8":174,"9":22,"10":21,"11":37,"12":36,"13":36,"14":34,"15":102,"16":102,"17":46,"18":154,"19":154,"20":153,"21":51,"22":187,"23":187,"24":187,"25":186,"26":184,"27":184,"28":184,"29":3,"30":2,"31":1,"32":14,"33":14,"34":13,"35":12,"36":12,"37":12,"38":1,"39":1,"40":1,"41":1,"42":101,"43":891,"44":0,"45":1,"46":0},"b":{"1":[174,0],"2":[22,1],"3":[21,1],"4":[36,1],"5":[34,2],"6":[46,1],"7":[153,1],"8":[152,1],"9":[51,1],"10":[187,0],"11":[186,1],"12":[184,2],"13":[2,1],"14":[1,1],"15":[13,1],"16":[12,1],"17":[1,1],"18":[1,1],"19":[1,0],"20":[1,1],"21":[101,1]},"f":{"1":174,"2":22,"3":46,"4":51,"5":3,"6":14,"7":1,"8":1,"9":1,"10":1,"11":101,"12":891,"13":0,"14":1,"15":0},"fnMap":{"1":{"name":"initialize","line":54,"loc":{"start":{"line":45,"column":4},"end":{"line":68,"column":4}}},"2":{"name":"mint","line":75,"loc":{"start":{"line":70,"column":4},"end":{"line":94,"column":4}}},"3":{"name":"setupItems","line":96,"loc":{"start":{"line":96,"column":4},"end":{"line":103,"column":4}}},"4":{"name":"setupItemSeries","line":105,"loc":{"start":{"line":105,"column":4},"end":{"line":141,"column":4}}},"5":{"name":"getItem","line":143,"loc":{"start":{"line":143,"column":4},"end":{"line":147,"column":4}}},"6":{"name":"getItemSeries","line":149,"loc":{"start":{"line":149,"column":4},"end":{"line":168,"column":4}}},"7":{"name":"setBaseURI","line":170,"loc":{"start":{"line":170,"column":4},"end":{"line":172,"column":4}}},"8":{"name":"pause","line":174,"loc":{"start":{"line":174,"column":4},"end":{"line":176,"column":4}}},"9":{"name":"unpause","line":178,"loc":{"start":{"line":178,"column":4},"end":{"line":180,"column":4}}},"10":{"name":"setTrustedForwarder","line":182,"loc":{"start":{"line":182,"column":4},"end":{"line":184,"column":4}}},"11":{"name":"_beforeTokenTransfer","line":188,"loc":{"start":{"line":186,"column":4},"end":{"line":192,"column":4}}},"12":{"name":"_msgSender","line":194,"loc":{"start":{"line":194,"column":4},"end":{"line":201,"column":4}}},"13":{"name":"_msgData","line":203,"loc":{"start":{"line":203,"column":4},"end":{"line":210,"column":4}}},"14":{"name":"_baseURI","line":212,"loc":{"start":{"line":212,"column":4},"end":{"line":219,"column":4}}},"15":{"name":"supportsInterface","line":221,"loc":{"start":{"line":221,"column":4},"end":{"line":228,"column":4}}}},"statementMap":{"1":{"start":{"line":55,"column":8},"end":{"line":55,"column":36}},"2":{"start":{"line":56,"column":8},"end":{"line":56,"column":52}},"3":{"start":{"line":57,"column":8},"end":{"line":57,"column":24}},"4":{"start":{"line":60,"column":8},"end":{"line":60,"column":44}},"5":{"start":{"line":61,"column":8},"end":{"line":61,"column":38}},"6":{"start":{"line":62,"column":8},"end":{"line":62,"column":38}},"7":{"start":{"line":63,"column":8},"end":{"line":63,"column":45}},"8":{"start":{"line":65,"column":8},"end":{"line":65,"column":46}},"9":{"start":{"line":76,"column":8},"end":{"line":76,"column":2523}},"10":{"start":{"line":80,"column":8},"end":{"line":80,"column":2689}},"11":{"start":{"line":81,"column":12},"end":{"line":81,"column":85}},"12":{"start":{"line":82,"column":12},"end":{"line":82,"column":94}},"13":{"start":{"line":83,"column":12},"end":{"line":83,"column":2933}},"14":{"start":{"line":88,"column":12},"end":{"line":88,"column":3129}},"15":{"start":{"line":89,"column":16},"end":{"line":89,"column":91}},"16":{"start":{"line":91,"column":16},"end":{"line":91,"column":37}},"17":{"start":{"line":97,"column":8},"end":{"line":97,"column":3464}},"18":{"start":{"line":98,"column":12},"end":{"line":98,"column":41}},"19":{"start":{"line":99,"column":12},"end":{"line":99,"column":82}},"20":{"start":{"line":100,"column":12},"end":{"line":100,"column":86}},"21":{"start":{"line":106,"column":8},"end":{"line":106,"column":3893}},"22":{"start":{"line":107,"column":12},"end":{"line":107,"column":69}},"23":{"start":{"line":109,"column":12},"end":{"line":109,"column":4072}},"24":{"start":{"line":114,"column":12},"end":{"line":114,"column":4284}},"25":{"start":{"line":119,"column":12},"end":{"line":119,"column":4478}},"26":{"start":{"line":126,"column":12},"end":{"line":126,"column":47}},"27":{"start":{"line":132,"column":12},"end":{"line":132,"column":74}},"28":{"start":{"line":134,"column":12},"end":{"line":134,"column":5200}},"29":{"start":{"line":144,"column":8},"end":{"line":144,"column":73}},"30":{"start":{"line":145,"column":8},"end":{"line":145,"column":77}},"31":{"start":{"line":146,"column":8},"end":{"line":146,"column":28}},"32":{"start":{"line":150,"column":8},"end":{"line":150,"column":47}},"33":{"start":{"line":151,"column":8},"end":{"line":151,"column":75}},"34":{"start":{"line":152,"column":8},"end":{"line":152,"column":5962}},"35":{"start":{"line":156,"column":8},"end":{"line":156,"column":81}},"36":{"start":{"line":158,"column":8},"end":{"line":158,"column":49}},"37":{"start":{"line":167,"column":8},"end":{"line":167,"column":35}},"38":{"start":{"line":171,"column":8},"end":{"line":171,"column":28}},"39":{"start":{"line":175,"column":8},"end":{"line":175,"column":15}},"40":{"start":{"line":179,"column":8},"end":{"line":179,"column":17}},"41":{"start":{"line":183,"column":8},"end":{"line":183,"column":38}},"42":{"start":{"line":191,"column":8},"end":{"line":191,"column":52}},"43":{"start":{"line":200,"column":8},"end":{"line":200,"column":44}},"44":{"start":{"line":209,"column":8},"end":{"line":209,"column":42}},"45":{"start":{"line":218,"column":8},"end":{"line":218,"column":54}},"46":{"start":{"line":227,"column":8},"end":{"line":227,"column":51}}},"branchMap":{"1":{"line":54,"type":"if","locations":[{"start":{"line":54,"column":6},"end":{"line":54,"column":6}},{"start":{"line":54,"column":6},"end":{"line":54,"column":6}}]},"2":{"line":75,"type":"if","locations":[{"start":{"line":75,"column":24},"end":{"line":75,"column":24}},{"start":{"line":75,"column":24},"end":{"line":75,"column":24}}]},"3":{"line":76,"type":"if","locations":[{"start":{"line":76,"column":8},"end":{"line":76,"column":8}},{"start":{"line":76,"column":8},"end":{"line":76,"column":8}}]},"4":{"line":81,"type":"if","locations":[{"start":{"line":81,"column":12},"end":{"line":81,"column":12}},{"start":{"line":81,"column":12},"end":{"line":81,"column":12}}]},"5":{"line":83,"type":"if","locations":[{"start":{"line":83,"column":12},"end":{"line":83,"column":12}},{"start":{"line":83,"column":12},"end":{"line":83,"column":12}}]},"6":{"line":96,"type":"if","locations":[{"start":{"line":96,"column":58},"end":{"line":96,"column":58}},{"start":{"line":96,"column":58},"end":{"line":96,"column":58}}]},"7":{"line":99,"type":"if","locations":[{"start":{"line":99,"column":12},"end":{"line":99,"column":12}},{"start":{"line":99,"column":12},"end":{"line":99,"column":12}}]},"8":{"line":100,"type":"if","locations":[{"start":{"line":100,"column":12},"end":{"line":100,"column":12}},{"start":{"line":100,"column":12},"end":{"line":100,"column":12}}]},"9":{"line":105,"type":"if","locations":[{"start":{"line":105,"column":76},"end":{"line":105,"column":76}},{"start":{"line":105,"column":76},"end":{"line":105,"column":76}}]},"10":{"line":109,"type":"if","locations":[{"start":{"line":109,"column":12},"end":{"line":109,"column":12}},{"start":{"line":109,"column":12},"end":{"line":109,"column":12}}]},"11":{"line":114,"type":"if","locations":[{"start":{"line":114,"column":12},"end":{"line":114,"column":12}},{"start":{"line":114,"column":12},"end":{"line":114,"column":12}}]},"12":{"line":119,"type":"if","locations":[{"start":{"line":119,"column":12},"end":{"line":119,"column":12}},{"start":{"line":119,"column":12},"end":{"line":119,"column":12}}]},"13":{"line":144,"type":"if","locations":[{"start":{"line":144,"column":8},"end":{"line":144,"column":8}},{"start":{"line":144,"column":8},"end":{"line":144,"column":8}}]},"14":{"line":145,"type":"if","locations":[{"start":{"line":145,"column":8},"end":{"line":145,"column":8}},{"start":{"line":145,"column":8},"end":{"line":145,"column":8}}]},"15":{"line":151,"type":"if","locations":[{"start":{"line":151,"column":8},"end":{"line":151,"column":8}},{"start":{"line":151,"column":8},"end":{"line":151,"column":8}}]},"16":{"line":152,"type":"if","locations":[{"start":{"line":152,"column":8},"end":{"line":152,"column":8}},{"start":{"line":152,"column":8},"end":{"line":152,"column":8}}]},"17":{"line":170,"type":"if","locations":[{"start":{"line":170,"column":57},"end":{"line":170,"column":57}},{"start":{"line":170,"column":57},"end":{"line":170,"column":57}}]},"18":{"line":174,"type":"if","locations":[{"start":{"line":174,"column":28},"end":{"line":174,"column":28}},{"start":{"line":174,"column":28},"end":{"line":174,"column":28}}]},"19":{"line":178,"type":"if","locations":[{"start":{"line":178,"column":30},"end":{"line":178,"column":30}},{"start":{"line":178,"column":30},"end":{"line":178,"column":30}}]},"20":{"line":182,"type":"if","locations":[{"start":{"line":182,"column":61},"end":{"line":182,"column":61}},{"start":{"line":182,"column":61},"end":{"line":182,"column":61}}]},"21":{"line":188,"type":"if","locations":[{"start":{"line":188,"column":4},"end":{"line":188,"column":4}},{"start":{"line":188,"column":4},"end":{"line":188,"column":4}}]}}},"contracts/NFT/interfaces/IInGameItems.sol":{"l":{},"path":"/Users/ghubika/repos/dystopi-contracts/contracts/NFT/interfaces/IInGameItems.sol","s":{},"b":{},"f":{},"fnMap":{},"statementMap":{},"branchMap":{}}}