{"contracts/_mocks/MockDYSVesting.sol":{"l":{"21":5,"30":14},"path":"/Users/ghubika/repos/dystopi-contracts/contracts/_mocks/MockDYSVesting.sol","s":{"1":14},"b":{},"f":{"1":24,"2":5,"3":14},"fnMap":{"1":{"name":"constructor","line":17,"loc":{"start":{"line":17,"column":4},"end":{"line":17,"column":52}}},"2":{"name":"setCurrentTime","line":19,"loc":{"start":{"line":19,"column":4},"end":{"line":22,"column":4}}},"3":{"name":"getCurrentTime","line":24,"loc":{"start":{"line":24,"column":4},"end":{"line":31,"column":4}}}},"statementMap":{"1":{"start":{"line":30,"column":8},"end":{"line":30,"column":23}}},"branchMap":{}},"contracts/_mocks/MockERC20.sol":{"l":{"13":186},"path":"/Users/ghubika/repos/dystopi-contracts/contracts/_mocks/MockERC20.sol","s":{"1":186},"b":{},"f":{"1":186},"fnMap":{"1":{"name":"constructor","line":12,"loc":{"start":{"line":7,"column":4},"end":{"line":14,"column":4}}}},"statementMap":{"1":{"start":{"line":13,"column":8},"end":{"line":13,"column":58}}},"branchMap":{}},"contracts/DYS/DYSToken.sol":{"l":{"8":27},"path":"/Users/ghubika/repos/dystopi-contracts/contracts/DYS/DYSToken.sol","s":{"1":27},"b":{},"f":{"1":27},"fnMap":{"1":{"name":"constructor","line":7,"loc":{"start":{"line":7,"column":4},"end":{"line":9,"column":4}}}},"statementMap":{"1":{"start":{"line":8,"column":8},"end":{"line":8,"column":58}}},"branchMap":{}},"contracts/DYS/DYSVesting.sol":{"l":{"54":16,"55":16,"56":16,"64":24,"65":24,"76":3,"87":0,"88":0,"99":3,"111":1,"121":5,"145":12,"149":11,"150":10,"151":9,"152":8,"153":8,"154":8,"155":8,"167":8,"168":8,"169":8,"180":3,"181":3,"182":2,"183":2,"184":1,"186":2,"187":2,"188":2,"189":2,"200":3,"201":2,"216":6,"217":6,"218":6,"219":6,"223":5,"224":5,"225":4,"226":4,"227":4,"228":4,"239":1,"251":7,"252":7,"263":5,"274":29,"284":9,"294":17,"305":14,"306":14,"307":2,"309":5,"311":7,"312":7,"313":7,"314":7,"315":7,"316":7,"325":0},"path":"/Users/ghubika/repos/dystopi-contracts/contracts/DYS/DYSVesting.sol","s":{"1":16,"2":16,"3":24,"4":3,"5":0,"6":0,"7":3,"8":1,"9":5,"10":12,"11":11,"12":10,"13":9,"14":8,"15":8,"16":8,"17":8,"18":3,"19":3,"20":2,"21":2,"22":1,"23":2,"24":2,"25":3,"26":2,"27":6,"28":6,"29":6,"30":6,"31":5,"32":5,"33":4,"34":4,"35":1,"36":7,"37":7,"38":5,"39":29,"40":9,"41":17,"42":14,"43":14,"44":2,"45":12,"46":5,"47":7,"48":7,"49":7,"50":7,"51":7,"52":7,"53":0},"b":{"1":[16,0],"2":[16,0],"3":[24,0],"4":[0,0],"5":[12,0],"6":[11,1],"7":[10,1],"8":[9,1],"9":[8,1],"10":[8,0],"11":[3,1],"12":[3,0],"13":[2,1],"14":[1,1],"15":[3,0],"16":[3,0],"17":[2,1],"18":[6,0],"19":[6,0],"20":[5,1],"21":[3,2],"22":[4,1],"23":[7,0],"24":[2,12],"25":[2,0],"26":[5,7]},"f":{"1":16,"2":24,"3":3,"4":0,"5":3,"6":1,"7":5,"8":12,"9":3,"10":3,"11":6,"12":1,"13":7,"14":5,"15":29,"16":9,"17":17,"18":14,"19":0},"fnMap":{"1":{"name":"onlyIfVestingScheduleNotRevoked","line":53,"loc":{"start":{"line":53,"column":4},"end":{"line":57,"column":4}}},"2":{"name":"constructor","line":63,"loc":{"start":{"line":63,"column":4},"end":{"line":66,"column":4}}},"3":{"name":"getVestingSchedulesCountByBeneficiary","line":72,"loc":{"start":{"line":72,"column":4},"end":{"line":77,"column":4}}},"4":{"name":"getVestingIdAtIndex","line":83,"loc":{"start":{"line":83,"column":4},"end":{"line":89,"column":4}}},"5":{"name":"getVestingScheduleByAddressAndIndex","line":95,"loc":{"start":{"line":95,"column":4},"end":{"line":100,"column":4}}},"6":{"name":"getVestingSchedulesTotalAmount","line":107,"loc":{"start":{"line":107,"column":4},"end":{"line":112,"column":4}}},"7":{"name":"getToken","line":117,"loc":{"start":{"line":117,"column":4},"end":{"line":122,"column":4}}},"8":{"name":"createVestingSchedule","line":144,"loc":{"start":{"line":134,"column":4},"end":{"line":170,"column":4}}},"9":{"name":"revoke","line":179,"loc":{"start":{"line":176,"column":4},"end":{"line":190,"column":4}}},"10":{"name":"withdraw","line":199,"loc":{"start":{"line":196,"column":4},"end":{"line":202,"column":4}}},"11":{"name":"release","line":215,"loc":{"start":{"line":209,"column":4},"end":{"line":229,"column":4}}},"12":{"name":"getVestingSchedulesCount","line":235,"loc":{"start":{"line":235,"column":4},"end":{"line":240,"column":4}}},"13":{"name":"computeReleasableAmount","line":248,"loc":{"start":{"line":246,"column":4},"end":{"line":253,"column":4}}},"14":{"name":"getVestingSchedule","line":259,"loc":{"start":{"line":259,"column":4},"end":{"line":264,"column":4}}},"15":{"name":"getWithdrawableAmount","line":270,"loc":{"start":{"line":270,"column":4},"end":{"line":275,"column":4}}},"16":{"name":"computeNextVestingScheduleIdForHolder","line":280,"loc":{"start":{"line":280,"column":4},"end":{"line":285,"column":4}}},"17":{"name":"computeVestingScheduleIdForAddressAndIndex","line":290,"loc":{"start":{"line":290,"column":4},"end":{"line":295,"column":4}}},"18":{"name":"_computeReleasableAmount","line":301,"loc":{"start":{"line":301,"column":4},"end":{"line":318,"column":4}}},"19":{"name":"getCurrentTime","line":320,"loc":{"start":{"line":320,"column":4},"end":{"line":326,"column":4}}}},"statementMap":{"1":{"start":{"line":54,"column":8},"end":{"line":54,"column":64}},"2":{"start":{"line":55,"column":8},"end":{"line":55,"column":61}},"3":{"start":{"line":64,"column":8},"end":{"line":64,"column":38}},"4":{"start":{"line":76,"column":8},"end":{"line":76,"column":48}},"5":{"start":{"line":87,"column":8},"end":{"line":87,"column":85}},"6":{"start":{"line":88,"column":8},"end":{"line":88,"column":42}},"7":{"start":{"line":99,"column":8},"end":{"line":99,"column":92}},"8":{"start":{"line":111,"column":8},"end":{"line":111,"column":43}},"9":{"start":{"line":121,"column":8},"end":{"line":121,"column":30}},"10":{"start":{"line":145,"column":8},"end":{"line":145,"column":4876}},"11":{"start":{"line":149,"column":8},"end":{"line":149,"column":64}},"12":{"start":{"line":150,"column":8},"end":{"line":150,"column":60}},"13":{"start":{"line":151,"column":8},"end":{"line":151,"column":86}},"14":{"start":{"line":152,"column":8},"end":{"line":152,"column":95}},"15":{"start":{"line":153,"column":8},"end":{"line":153,"column":86}},"16":{"start":{"line":154,"column":8},"end":{"line":154,"column":42}},"17":{"start":{"line":168,"column":8},"end":{"line":168,"column":51}},"18":{"start":{"line":180,"column":8},"end":{"line":180,"column":86}},"19":{"start":{"line":181,"column":8},"end":{"line":181,"column":81}},"20":{"start":{"line":182,"column":8},"end":{"line":182,"column":72}},"21":{"start":{"line":183,"column":8},"end":{"line":183,"column":6448}},"22":{"start":{"line":184,"column":12},"end":{"line":184,"column":51}},"23":{"start":{"line":186,"column":8},"end":{"line":186,"column":83}},"24":{"start":{"line":189,"column":8},"end":{"line":189,"column":39}},"25":{"start":{"line":200,"column":8},"end":{"line":200,"column":94}},"26":{"start":{"line":201,"column":8},"end":{"line":201,"column":43}},"27":{"start":{"line":216,"column":8},"end":{"line":216,"column":86}},"28":{"start":{"line":217,"column":8},"end":{"line":217,"column":70}},"29":{"start":{"line":218,"column":8},"end":{"line":218,"column":44}},"30":{"start":{"line":219,"column":8},"end":{"line":219,"column":7660}},"31":{"start":{"line":223,"column":8},"end":{"line":223,"column":72}},"32":{"start":{"line":224,"column":8},"end":{"line":224,"column":101}},"33":{"start":{"line":227,"column":8},"end":{"line":227,"column":63}},"34":{"start":{"line":228,"column":8},"end":{"line":228,"column":48}},"35":{"start":{"line":239,"column":8},"end":{"line":239,"column":42}},"36":{"start":{"line":251,"column":8},"end":{"line":251,"column":86}},"37":{"start":{"line":252,"column":8},"end":{"line":252,"column":56}},"38":{"start":{"line":263,"column":8},"end":{"line":263,"column":51}},"39":{"start":{"line":274,"column":8},"end":{"line":274,"column":77}},"40":{"start":{"line":284,"column":8},"end":{"line":284,"column":95}},"41":{"start":{"line":294,"column":8},"end":{"line":294,"column":57}},"42":{"start":{"line":305,"column":8},"end":{"line":305,"column":46}},"43":{"start":{"line":306,"column":8},"end":{"line":306,"column":10460}},"44":{"start":{"line":307,"column":12},"end":{"line":307,"column":20}},"45":{"start":{"line":308,"column":15},"end":{"line":308,"column":10569}},"46":{"start":{"line":309,"column":12},"end":{"line":309,"column":73}},"47":{"start":{"line":311,"column":12},"end":{"line":311,"column":71}},"48":{"start":{"line":312,"column":12},"end":{"line":312,"column":69}},"49":{"start":{"line":313,"column":12},"end":{"line":313,"column":72}},"50":{"start":{"line":314,"column":12},"end":{"line":314,"column":72}},"51":{"start":{"line":315,"column":12},"end":{"line":315,"column":105}},"52":{"start":{"line":316,"column":12},"end":{"line":316,"column":58}},"53":{"start":{"line":325,"column":8},"end":{"line":325,"column":30}}},"branchMap":{"1":{"line":54,"type":"if","locations":[{"start":{"line":54,"column":8},"end":{"line":54,"column":8}},{"start":{"line":54,"column":8},"end":{"line":54,"column":8}}]},"2":{"line":55,"type":"if","locations":[{"start":{"line":55,"column":8},"end":{"line":55,"column":8}},{"start":{"line":55,"column":8},"end":{"line":55,"column":8}}]},"3":{"line":64,"type":"if","locations":[{"start":{"line":64,"column":8},"end":{"line":64,"column":8}},{"start":{"line":64,"column":8},"end":{"line":64,"column":8}}]},"4":{"line":87,"type":"if","locations":[{"start":{"line":87,"column":8},"end":{"line":87,"column":8}},{"start":{"line":87,"column":8},"end":{"line":87,"column":8}}]},"5":{"line":144,"type":"if","locations":[{"start":{"line":144,"column":4},"end":{"line":144,"column":4}},{"start":{"line":144,"column":4},"end":{"line":144,"column":4}}]},"6":{"line":145,"type":"if","locations":[{"start":{"line":145,"column":8},"end":{"line":145,"column":8}},{"start":{"line":145,"column":8},"end":{"line":145,"column":8}}]},"7":{"line":149,"type":"if","locations":[{"start":{"line":149,"column":8},"end":{"line":149,"column":8}},{"start":{"line":149,"column":8},"end":{"line":149,"column":8}}]},"8":{"line":150,"type":"if","locations":[{"start":{"line":150,"column":8},"end":{"line":150,"column":8}},{"start":{"line":150,"column":8},"end":{"line":150,"column":8}}]},"9":{"line":151,"type":"if","locations":[{"start":{"line":151,"column":8},"end":{"line":151,"column":8}},{"start":{"line":151,"column":8},"end":{"line":151,"column":8}}]},"10":{"line":152,"type":"if","locations":[{"start":{"line":152,"column":8},"end":{"line":152,"column":8}},{"start":{"line":152,"column":8},"end":{"line":152,"column":8}}]},"11":{"line":178,"type":"if","locations":[{"start":{"line":178,"column":4},"end":{"line":178,"column":4}},{"start":{"line":178,"column":4},"end":{"line":178,"column":4}}]},"12":{"line":179,"type":"if","locations":[{"start":{"line":179,"column":4},"end":{"line":179,"column":4}},{"start":{"line":179,"column":4},"end":{"line":179,"column":4}}]},"13":{"line":181,"type":"if","locations":[{"start":{"line":181,"column":8},"end":{"line":181,"column":8}},{"start":{"line":181,"column":8},"end":{"line":181,"column":8}}]},"14":{"line":183,"type":"if","locations":[{"start":{"line":183,"column":8},"end":{"line":183,"column":8}},{"start":{"line":183,"column":8},"end":{"line":183,"column":8}}]},"15":{"line":198,"type":"if","locations":[{"start":{"line":198,"column":4},"end":{"line":198,"column":4}},{"start":{"line":198,"column":4},"end":{"line":198,"column":4}}]},"16":{"line":199,"type":"if","locations":[{"start":{"line":199,"column":4},"end":{"line":199,"column":4}},{"start":{"line":199,"column":4},"end":{"line":199,"column":4}}]},"17":{"line":200,"type":"if","locations":[{"start":{"line":200,"column":8},"end":{"line":200,"column":8}},{"start":{"line":200,"column":8},"end":{"line":200,"column":8}}]},"18":{"line":214,"type":"if","locations":[{"start":{"line":214,"column":4},"end":{"line":214,"column":4}},{"start":{"line":214,"column":4},"end":{"line":214,"column":4}}]},"19":{"line":215,"type":"if","locations":[{"start":{"line":215,"column":4},"end":{"line":215,"column":4}},{"start":{"line":215,"column":4},"end":{"line":215,"column":4}}]},"20":{"line":219,"type":"if","locations":[{"start":{"line":219,"column":8},"end":{"line":219,"column":8}},{"start":{"line":219,"column":8},"end":{"line":219,"column":8}}]},"21":{"line":220,"type":"cond-expr","locations":[{"start":{"line":220,"column":12},"end":{"line":220,"column":24}},{"start":{"line":220,"column":29},"end":{"line":220,"column":35}}]},"22":{"line":224,"type":"if","locations":[{"start":{"line":224,"column":8},"end":{"line":224,"column":8}},{"start":{"line":224,"column":8},"end":{"line":224,"column":8}}]},"23":{"line":248,"type":"if","locations":[{"start":{"line":248,"column":4},"end":{"line":248,"column":4}},{"start":{"line":248,"column":4},"end":{"line":248,"column":4}}]},"24":{"line":306,"type":"if","locations":[{"start":{"line":306,"column":8},"end":{"line":306,"column":8}},{"start":{"line":306,"column":8},"end":{"line":306,"column":8}}]},"25":{"line":306,"type":"cond-expr","locations":[{"start":{"line":306,"column":12},"end":{"line":306,"column":48}},{"start":{"line":306,"column":53},"end":{"line":306,"column":75}}]},"26":{"line":308,"type":"if","locations":[{"start":{"line":308,"column":15},"end":{"line":308,"column":15}},{"start":{"line":308,"column":15},"end":{"line":308,"column":15}}]}}},"contracts/Marketplace/InGameItemMarketplace.sol":{"l":{"60":93,"61":93,"62":93,"63":93,"65":93,"66":93,"67":93,"78":18,"82":17,"86":16,"90":15,"95":14,"96":14,"97":14,"99":14,"100":26,"102":25,"105":24,"106":11,"109":13,"110":13,"111":4,"112":4,"114":13,"116":13,"117":13,"122":12,"124":11,"126":11,"127":9,"130":10,"137":34,"138":131,"139":131,"140":131,"144":130,"150":129,"151":129,"152":129,"153":129,"154":129,"156":129,"157":5,"159":124,"169":3,"171":2,"172":8,"173":8,"178":2,"182":2,"186":1,"190":1,"194":1,"198":1,"202":1,"206":1,"210":1,"214":0,"222":37,"227":36,"237":16,"242":16,"246":18,"255":471,"264":0},"path":"/Users/ghubika/repos/dystopi-contracts/contracts/Marketplace/InGameItemMarketplace.sol","s":{"1":93,"2":93,"3":93,"4":93,"5":93,"6":18,"7":17,"8":16,"9":15,"10":14,"11":14,"12":14,"13":14,"14":26,"15":25,"16":24,"17":13,"18":13,"19":4,"20":13,"21":12,"22":11,"23":9,"24":10,"25":34,"26":131,"27":131,"28":131,"29":130,"30":129,"31":129,"32":124,"33":3,"34":2,"35":8,"36":2,"37":2,"38":1,"39":1,"40":1,"41":1,"42":1,"43":0,"44":37,"45":36,"46":16,"47":16,"48":18,"49":471,"50":0},"b":{"1":[18,1],"2":[17,1],"3":[16,1],"4":[15,1],"5":[14,1],"6":[25,1],"7":[11,13],"8":[13,0],"9":[4,9],"10":[13,0],"11":[11,1],"12":[9,2],"13":[34,1],"14":[130,1],"15":[129,1],"16":[64,65],"17":[5,124],"18":[3,1],"19":[2,1],"20":[2,1],"21":[2,0],"22":[1,1],"23":[1,1],"24":[1,1],"25":[1,1],"26":[1,1],"27":[36,1]},"f":{"1":93,"2":18,"3":34,"4":3,"5":2,"6":2,"7":1,"8":1,"9":1,"10":1,"11":1,"12":1,"13":1,"14":0,"15":37,"16":16,"17":18,"18":471,"19":0},"fnMap":{"1":{"name":"constructor","line":51,"loc":{"start":{"line":51,"column":4},"end":{"line":68,"column":4}}},"2":{"name":"purchase","line":77,"loc":{"start":{"line":70,"column":4},"end":{"line":131,"column":4}}},"3":{"name":"setupItemSeriesPricing","line":135,"loc":{"start":{"line":133,"column":4},"end":{"line":162,"column":4}}},"4":{"name":"activateItemSeries","line":168,"loc":{"start":{"line":164,"column":4},"end":{"line":175,"column":4}}},"5":{"name":"pause","line":177,"loc":{"start":{"line":177,"column":4},"end":{"line":179,"column":4}}},"6":{"name":"unpause","line":181,"loc":{"start":{"line":181,"column":4},"end":{"line":183,"column":4}}},"7":{"name":"withdrawEth","line":185,"loc":{"start":{"line":185,"column":4},"end":{"line":187,"column":4}}},"8":{"name":"withdrawErc20","line":189,"loc":{"start":{"line":189,"column":4},"end":{"line":191,"column":4}}},"9":{"name":"setInGameItems","line":193,"loc":{"start":{"line":193,"column":4},"end":{"line":195,"column":4}}},"10":{"name":"setTrustedForwarder","line":197,"loc":{"start":{"line":197,"column":4},"end":{"line":199,"column":4}}},"11":{"name":"setSigner","line":201,"loc":{"start":{"line":201,"column":4},"end":{"line":203,"column":4}}},"12":{"name":"getSigner","line":205,"loc":{"start":{"line":205,"column":4},"end":{"line":207,"column":4}}},"13":{"name":"getInGameItems","line":209,"loc":{"start":{"line":209,"column":4},"end":{"line":211,"column":4}}},"14":{"name":"getItemSeriesPricingLength","line":213,"loc":{"start":{"line":213,"column":4},"end":{"line":215,"column":4}}},"15":{"name":"getItemSeriesPricing","line":217,"loc":{"start":{"line":217,"column":4},"end":{"line":228,"column":4}}},"16":{"name":"hashTransaction","line":230,"loc":{"start":{"line":230,"column":4},"end":{"line":243,"column":4}}},"17":{"name":"matchAddressSigner","line":245,"loc":{"start":{"line":245,"column":4},"end":{"line":247,"column":4}}},"18":{"name":"_msgSender","line":249,"loc":{"start":{"line":249,"column":4},"end":{"line":256,"column":4}}},"19":{"name":"_msgData","line":258,"loc":{"start":{"line":258,"column":4},"end":{"line":265,"column":4}}}},"statementMap":{"1":{"start":{"line":60,"column":8},"end":{"line":60,"column":44}},"2":{"start":{"line":61,"column":8},"end":{"line":61,"column":38}},"3":{"start":{"line":62,"column":8},"end":{"line":62,"column":47}},"4":{"start":{"line":63,"column":8},"end":{"line":63,"column":48}},"5":{"start":{"line":67,"column":8},"end":{"line":67,"column":46}},"6":{"start":{"line":78,"column":8},"end":{"line":78,"column":2386}},"7":{"start":{"line":82,"column":8},"end":{"line":82,"column":2533}},"8":{"start":{"line":86,"column":8},"end":{"line":86,"column":2650}},"9":{"start":{"line":90,"column":8},"end":{"line":90,"column":2817}},"10":{"start":{"line":95,"column":8},"end":{"line":95,"column":30}},"11":{"start":{"line":96,"column":8},"end":{"line":96,"column":32}},"12":{"start":{"line":97,"column":8},"end":{"line":97,"column":41}},"13":{"start":{"line":99,"column":8},"end":{"line":99,"column":3100}},"14":{"start":{"line":100,"column":12},"end":{"line":100,"column":82}},"15":{"start":{"line":102,"column":12},"end":{"line":102,"column":107}},"16":{"start":{"line":105,"column":12},"end":{"line":105,"column":3416}},"17":{"start":{"line":109,"column":16},"end":{"line":109,"column":3668}},"18":{"start":{"line":110,"column":20},"end":{"line":110,"column":3746}},"19":{"start":{"line":111,"column":24},"end":{"line":111,"column":102}},"20":{"start":{"line":116,"column":16},"end":{"line":116,"column":4072}},"21":{"start":{"line":122,"column":8},"end":{"line":122,"column":87}},"22":{"start":{"line":126,"column":8},"end":{"line":126,"column":4371}},"23":{"start":{"line":127,"column":12},"end":{"line":127,"column":90}},"24":{"start":{"line":130,"column":8},"end":{"line":130,"column":68}},"25":{"start":{"line":137,"column":8},"end":{"line":137,"column":4756}},"26":{"start":{"line":138,"column":12},"end":{"line":138,"column":90}},"27":{"start":{"line":139,"column":12},"end":{"line":139,"column":117}},"28":{"start":{"line":140,"column":12},"end":{"line":140,"column":5039}},"29":{"start":{"line":144,"column":12},"end":{"line":144,"column":5227}},"30":{"start":{"line":150,"column":12},"end":{"line":150,"column":57}},"31":{"start":{"line":156,"column":12},"end":{"line":156,"column":5920}},"32":{"start":{"line":159,"column":16},"end":{"line":159,"column":61}},"33":{"start":{"line":169,"column":8},"end":{"line":169,"column":102}},"34":{"start":{"line":171,"column":8},"end":{"line":171,"column":6492}},"35":{"start":{"line":172,"column":12},"end":{"line":172,"column":115}},"36":{"start":{"line":178,"column":8},"end":{"line":178,"column":15}},"37":{"start":{"line":182,"column":8},"end":{"line":182,"column":17}},"38":{"start":{"line":186,"column":8},"end":{"line":186,"column":45}},"39":{"start":{"line":190,"column":8},"end":{"line":190,"column":58}},"40":{"start":{"line":198,"column":8},"end":{"line":198,"column":38}},"41":{"start":{"line":206,"column":8},"end":{"line":206,"column":22}},"42":{"start":{"line":210,"column":8},"end":{"line":210,"column":36}},"43":{"start":{"line":214,"column":8},"end":{"line":214,"column":50}},"44":{"start":{"line":222,"column":8},"end":{"line":222,"column":8076}},"45":{"start":{"line":227,"column":8},"end":{"line":227,"column":57}},"46":{"start":{"line":237,"column":8},"end":{"line":237,"column":8523}},"47":{"start":{"line":242,"column":8},"end":{"line":242,"column":19}},"48":{"start":{"line":246,"column":8},"end":{"line":246,"column":49}},"49":{"start":{"line":255,"column":8},"end":{"line":255,"column":44}},"50":{"start":{"line":264,"column":8},"end":{"line":264,"column":42}}},"branchMap":{"1":{"line":77,"type":"if","locations":[{"start":{"line":77,"column":23},"end":{"line":77,"column":23}},{"start":{"line":77,"column":23},"end":{"line":77,"column":23}}]},"2":{"line":78,"type":"if","locations":[{"start":{"line":78,"column":8},"end":{"line":78,"column":8}},{"start":{"line":78,"column":8},"end":{"line":78,"column":8}}]},"3":{"line":82,"type":"if","locations":[{"start":{"line":82,"column":8},"end":{"line":82,"column":8}},{"start":{"line":82,"column":8},"end":{"line":82,"column":8}}]},"4":{"line":86,"type":"if","locations":[{"start":{"line":86,"column":8},"end":{"line":86,"column":8}},{"start":{"line":86,"column":8},"end":{"line":86,"column":8}}]},"5":{"line":90,"type":"if","locations":[{"start":{"line":90,"column":8},"end":{"line":90,"column":8}},{"start":{"line":90,"column":8},"end":{"line":90,"column":8}}]},"6":{"line":100,"type":"if","locations":[{"start":{"line":100,"column":12},"end":{"line":100,"column":12}},{"start":{"line":100,"column":12},"end":{"line":100,"column":12}}]},"7":{"line":105,"type":"if","locations":[{"start":{"line":105,"column":12},"end":{"line":105,"column":12}},{"start":{"line":105,"column":12},"end":{"line":105,"column":12}}]},"8":{"line":109,"type":"if","locations":[{"start":{"line":109,"column":16},"end":{"line":109,"column":16}},{"start":{"line":109,"column":16},"end":{"line":109,"column":16}}]},"9":{"line":110,"type":"if","locations":[{"start":{"line":110,"column":20},"end":{"line":110,"column":20}},{"start":{"line":110,"column":20},"end":{"line":110,"column":20}}]},"10":{"line":116,"type":"if","locations":[{"start":{"line":116,"column":16},"end":{"line":116,"column":16}},{"start":{"line":116,"column":16},"end":{"line":116,"column":16}}]},"11":{"line":122,"type":"if","locations":[{"start":{"line":122,"column":8},"end":{"line":122,"column":8}},{"start":{"line":122,"column":8},"end":{"line":122,"column":8}}]},"12":{"line":126,"type":"if","locations":[{"start":{"line":126,"column":8},"end":{"line":126,"column":8}},{"start":{"line":126,"column":8},"end":{"line":126,"column":8}}]},"13":{"line":135,"type":"if","locations":[{"start":{"line":135,"column":4},"end":{"line":135,"column":4}},{"start":{"line":135,"column":4},"end":{"line":135,"column":4}}]},"14":{"line":140,"type":"if","locations":[{"start":{"line":140,"column":12},"end":{"line":140,"column":12}},{"start":{"line":140,"column":12},"end":{"line":140,"column":12}}]},"15":{"line":144,"type":"if","locations":[{"start":{"line":144,"column":12},"end":{"line":144,"column":12}},{"start":{"line":144,"column":12},"end":{"line":144,"column":12}}]},"16":{"line":145,"type":"cond-expr","locations":[{"start":{"line":145,"column":16},"end":{"line":145,"column":54}},{"start":{"line":146,"column":16},"end":{"line":146,"column":113}}]},"17":{"line":156,"type":"if","locations":[{"start":{"line":156,"column":12},"end":{"line":156,"column":12}},{"start":{"line":156,"column":12},"end":{"line":156,"column":12}}]},"18":{"line":168,"type":"if","locations":[{"start":{"line":168,"column":15},"end":{"line":168,"column":15}},{"start":{"line":168,"column":15},"end":{"line":168,"column":15}}]},"19":{"line":169,"type":"if","locations":[{"start":{"line":169,"column":8},"end":{"line":169,"column":8}},{"start":{"line":169,"column":8},"end":{"line":169,"column":8}}]},"20":{"line":177,"type":"if","locations":[{"start":{"line":177,"column":28},"end":{"line":177,"column":28}},{"start":{"line":177,"column":28},"end":{"line":177,"column":28}}]},"21":{"line":181,"type":"if","locations":[{"start":{"line":181,"column":30},"end":{"line":181,"column":30}},{"start":{"line":181,"column":30},"end":{"line":181,"column":30}}]},"22":{"line":185,"type":"if","locations":[{"start":{"line":185,"column":47},"end":{"line":185,"column":47}},{"start":{"line":185,"column":47},"end":{"line":185,"column":47}}]},"23":{"line":189,"type":"if","locations":[{"start":{"line":189,"column":71},"end":{"line":189,"column":71}},{"start":{"line":189,"column":71},"end":{"line":189,"column":71}}]},"24":{"line":193,"type":"if","locations":[{"start":{"line":193,"column":65},"end":{"line":193,"column":65}},{"start":{"line":193,"column":65},"end":{"line":193,"column":65}}]},"25":{"line":197,"type":"if","locations":[{"start":{"line":197,"column":61},"end":{"line":197,"column":61}},{"start":{"line":197,"column":61},"end":{"line":197,"column":61}}]},"26":{"line":201,"type":"if","locations":[{"start":{"line":201,"column":49},"end":{"line":201,"column":49}},{"start":{"line":201,"column":49},"end":{"line":201,"column":49}}]},"27":{"line":222,"type":"if","locations":[{"start":{"line":222,"column":8},"end":{"line":222,"column":8}},{"start":{"line":222,"column":8},"end":{"line":222,"column":8}}]}}},"contracts/NFT/base/ERC721WithBaseUriUpgradeable.sol":{"l":{"11":138,"15":138,"19":139,"23":1},"path":"/Users/ghubika/repos/dystopi-contracts/contracts/NFT/base/ERC721WithBaseUriUpgradeable.sol","s":{"1":138,"2":138,"3":1},"b":{"1":[138,0],"2":[138,0]},"f":{"1":138,"2":138,"3":139,"4":1},"fnMap":{"1":{"name":"__ERC721WithBaseUriUpgradeable_init","line":10,"loc":{"start":{"line":10,"column":4},"end":{"line":12,"column":4}}},"2":{"name":"__ERC721WithBaseUriUpgradeable_init_unchained","line":14,"loc":{"start":{"line":14,"column":4},"end":{"line":16,"column":4}}},"3":{"name":"_setBaseURI","line":18,"loc":{"start":{"line":18,"column":4},"end":{"line":20,"column":4}}},"4":{"name":"_baseURI","line":22,"loc":{"start":{"line":22,"column":4},"end":{"line":24,"column":4}}}},"statementMap":{"1":{"start":{"line":11,"column":8},"end":{"line":11,"column":62}},"2":{"start":{"line":15,"column":8},"end":{"line":15,"column":28}},"3":{"start":{"line":23,"column":8},"end":{"line":23,"column":22}}},"branchMap":{"1":{"line":10,"type":"if","locations":[{"start":{"line":10,"column":82},"end":{"line":10,"column":82}},{"start":{"line":10,"column":82},"end":{"line":10,"column":82}}]},"2":{"line":14,"type":"if","locations":[{"start":{"line":14,"column":92},"end":{"line":14,"column":92}},{"start":{"line":14,"column":92},"end":{"line":14,"column":92}}]}}},"contracts/NFT/InGameItems.sol":{"l":{"57":138,"58":138,"59":138,"62":138,"63":138,"64":138,"65":138,"67":138,"69":138,"78":19,"82":18,"83":34,"84":34,"89":32,"90":112,"91":112,"92":112,"93":112,"99":49,"100":170,"101":170,"106":168,"107":38,"111":37,"117":166,"119":166,"120":166,"121":166,"122":166,"123":166,"124":166,"126":166,"128":166,"140":11,"141":11,"145":11,"149":1,"153":1,"157":1,"161":1,"169":111,"178":693,"187":0,"196":1,"205":0},"path":"/Users/ghubika/repos/dystopi-contracts/contracts/NFT/InGameItems.sol","s":{"1":138,"2":138,"3":138,"4":138,"5":138,"6":138,"7":138,"8":138,"9":19,"10":18,"11":34,"12":34,"13":32,"14":112,"15":112,"16":49,"17":170,"18":170,"19":168,"20":38,"21":37,"22":166,"23":166,"24":166,"25":11,"26":11,"27":11,"28":1,"29":1,"30":1,"31":1,"32":111,"33":693,"34":0,"35":1,"36":0},"b":{"1":[138,0],"2":[19,1],"3":[18,1],"4":[32,2],"5":[49,1],"6":[168,2],"7":[38,130],"8":[37,1],"9":[36,1],"10":[11,0],"11":[11,0],"12":[1,1],"13":[1,1],"14":[1,0],"15":[1,1],"16":[111,1]},"f":{"1":138,"2":19,"3":49,"4":11,"5":1,"6":1,"7":1,"8":1,"9":111,"10":693,"11":0,"12":1,"13":0},"fnMap":{"1":{"name":"initialize","line":56,"loc":{"start":{"line":47,"column":4},"end":{"line":70,"column":4}}},"2":{"name":"mint","line":77,"loc":{"start":{"line":72,"column":4},"end":{"line":96,"column":4}}},"3":{"name":"setupItemSeries","line":98,"loc":{"start":{"line":98,"column":4},"end":{"line":137,"column":4}}},"4":{"name":"getItemSeries","line":139,"loc":{"start":{"line":139,"column":4},"end":{"line":146,"column":4}}},"5":{"name":"setBaseURI","line":148,"loc":{"start":{"line":148,"column":4},"end":{"line":150,"column":4}}},"6":{"name":"pause","line":152,"loc":{"start":{"line":152,"column":4},"end":{"line":154,"column":4}}},"7":{"name":"unpause","line":156,"loc":{"start":{"line":156,"column":4},"end":{"line":158,"column":4}}},"8":{"name":"setTrustedForwarder","line":160,"loc":{"start":{"line":160,"column":4},"end":{"line":162,"column":4}}},"9":{"name":"_beforeTokenTransfer","line":166,"loc":{"start":{"line":164,"column":4},"end":{"line":170,"column":4}}},"10":{"name":"_msgSender","line":172,"loc":{"start":{"line":172,"column":4},"end":{"line":179,"column":4}}},"11":{"name":"_msgData","line":181,"loc":{"start":{"line":181,"column":4},"end":{"line":188,"column":4}}},"12":{"name":"_baseURI","line":190,"loc":{"start":{"line":190,"column":4},"end":{"line":197,"column":4}}},"13":{"name":"supportsInterface","line":199,"loc":{"start":{"line":199,"column":4},"end":{"line":206,"column":4}}}},"statementMap":{"1":{"start":{"line":57,"column":8},"end":{"line":57,"column":36}},"2":{"start":{"line":58,"column":8},"end":{"line":58,"column":52}},"3":{"start":{"line":59,"column":8},"end":{"line":59,"column":24}},"4":{"start":{"line":62,"column":8},"end":{"line":62,"column":44}},"5":{"start":{"line":63,"column":8},"end":{"line":63,"column":38}},"6":{"start":{"line":64,"column":8},"end":{"line":64,"column":38}},"7":{"start":{"line":65,"column":8},"end":{"line":65,"column":45}},"8":{"start":{"line":67,"column":8},"end":{"line":67,"column":46}},"9":{"start":{"line":78,"column":8},"end":{"line":78,"column":2566}},"10":{"start":{"line":82,"column":8},"end":{"line":82,"column":2732}},"11":{"start":{"line":83,"column":12},"end":{"line":83,"column":94}},"12":{"start":{"line":84,"column":12},"end":{"line":84,"column":2888}},"13":{"start":{"line":89,"column":12},"end":{"line":89,"column":3084}},"14":{"start":{"line":90,"column":16},"end":{"line":90,"column":91}},"15":{"start":{"line":93,"column":16},"end":{"line":93,"column":37}},"16":{"start":{"line":99,"column":8},"end":{"line":99,"column":3507}},"17":{"start":{"line":100,"column":12},"end":{"line":100,"column":69}},"18":{"start":{"line":101,"column":12},"end":{"line":101,"column":3643}},"19":{"start":{"line":106,"column":12},"end":{"line":106,"column":3929}},"20":{"start":{"line":107,"column":16},"end":{"line":107,"column":3993}},"21":{"start":{"line":111,"column":16},"end":{"line":111,"column":4233}},"22":{"start":{"line":119,"column":12},"end":{"line":119,"column":47}},"23":{"start":{"line":126,"column":12},"end":{"line":126,"column":74}},"24":{"start":{"line":128,"column":12},"end":{"line":128,"column":5055}},"25":{"start":{"line":140,"column":8},"end":{"line":140,"column":86}},"26":{"start":{"line":141,"column":8},"end":{"line":141,"column":5587}},"27":{"start":{"line":145,"column":8},"end":{"line":145,"column":50}},"28":{"start":{"line":149,"column":8},"end":{"line":149,"column":28}},"29":{"start":{"line":153,"column":8},"end":{"line":153,"column":15}},"30":{"start":{"line":157,"column":8},"end":{"line":157,"column":17}},"31":{"start":{"line":161,"column":8},"end":{"line":161,"column":38}},"32":{"start":{"line":169,"column":8},"end":{"line":169,"column":52}},"33":{"start":{"line":178,"column":8},"end":{"line":178,"column":44}},"34":{"start":{"line":187,"column":8},"end":{"line":187,"column":42}},"35":{"start":{"line":196,"column":8},"end":{"line":196,"column":54}},"36":{"start":{"line":205,"column":8},"end":{"line":205,"column":51}}},"branchMap":{"1":{"line":56,"type":"if","locations":[{"start":{"line":56,"column":6},"end":{"line":56,"column":6}},{"start":{"line":56,"column":6},"end":{"line":56,"column":6}}]},"2":{"line":77,"type":"if","locations":[{"start":{"line":77,"column":24},"end":{"line":77,"column":24}},{"start":{"line":77,"column":24},"end":{"line":77,"column":24}}]},"3":{"line":78,"type":"if","locations":[{"start":{"line":78,"column":8},"end":{"line":78,"column":8}},{"start":{"line":78,"column":8},"end":{"line":78,"column":8}}]},"4":{"line":84,"type":"if","locations":[{"start":{"line":84,"column":12},"end":{"line":84,"column":12}},{"start":{"line":84,"column":12},"end":{"line":84,"column":12}}]},"5":{"line":98,"type":"if","locations":[{"start":{"line":98,"column":76},"end":{"line":98,"column":76}},{"start":{"line":98,"column":76},"end":{"line":98,"column":76}}]},"6":{"line":101,"type":"if","locations":[{"start":{"line":101,"column":12},"end":{"line":101,"column":12}},{"start":{"line":101,"column":12},"end":{"line":101,"column":12}}]},"7":{"line":106,"type":"if","locations":[{"start":{"line":106,"column":12},"end":{"line":106,"column":12}},{"start":{"line":106,"column":12},"end":{"line":106,"column":12}}]},"8":{"line":107,"type":"if","locations":[{"start":{"line":107,"column":16},"end":{"line":107,"column":16}},{"start":{"line":107,"column":16},"end":{"line":107,"column":16}}]},"9":{"line":111,"type":"if","locations":[{"start":{"line":111,"column":16},"end":{"line":111,"column":16}},{"start":{"line":111,"column":16},"end":{"line":111,"column":16}}]},"10":{"line":140,"type":"if","locations":[{"start":{"line":140,"column":8},"end":{"line":140,"column":8}},{"start":{"line":140,"column":8},"end":{"line":140,"column":8}}]},"11":{"line":141,"type":"if","locations":[{"start":{"line":141,"column":8},"end":{"line":141,"column":8}},{"start":{"line":141,"column":8},"end":{"line":141,"column":8}}]},"12":{"line":148,"type":"if","locations":[{"start":{"line":148,"column":57},"end":{"line":148,"column":57}},{"start":{"line":148,"column":57},"end":{"line":148,"column":57}}]},"13":{"line":152,"type":"if","locations":[{"start":{"line":152,"column":28},"end":{"line":152,"column":28}},{"start":{"line":152,"column":28},"end":{"line":152,"column":28}}]},"14":{"line":156,"type":"if","locations":[{"start":{"line":156,"column":30},"end":{"line":156,"column":30}},{"start":{"line":156,"column":30},"end":{"line":156,"column":30}}]},"15":{"line":160,"type":"if","locations":[{"start":{"line":160,"column":61},"end":{"line":160,"column":61}},{"start":{"line":160,"column":61},"end":{"line":160,"column":61}}]},"16":{"line":166,"type":"if","locations":[{"start":{"line":166,"column":4},"end":{"line":166,"column":4}},{"start":{"line":166,"column":4},"end":{"line":166,"column":4}}]}}},"contracts/NFT/interfaces/IInGameItems.sol":{"l":{},"path":"/Users/ghubika/repos/dystopi-contracts/contracts/NFT/interfaces/IInGameItems.sol","s":{},"b":{},"f":{},"fnMap":{},"statementMap":{},"branchMap":{}}}