TN:
SF:/Users/ghubika/repos/dystopi-contracts/contracts/_mocks/MockDYSVesting.sol
FN:17,constructor
FN:19,setCurrentTime
FN:24,getCurrentTime
FNF:3
FNH:3
FNDA:24,constructor
FNDA:5,setCurrentTime
FNDA:14,getCurrentTime
DA:21,5
DA:30,14
LF:2
LH:2
BRF:0
BRH:0
end_of_record
TN:
SF:/Users/ghubika/repos/dystopi-contracts/contracts/_mocks/MockERC20.sol
FN:12,constructor
FNF:1
FNH:1
FNDA:366,constructor
DA:13,366
LF:1
LH:1
BRF:0
BRH:0
end_of_record
TN:
SF:/Users/ghubika/repos/dystopi-contracts/contracts/DYS/DYSToken.sol
FN:7,constructor
FNF:1
FNH:1
FNDA:27,constructor
DA:8,27
LF:1
LH:1
BRF:0
BRH:0
end_of_record
TN:
SF:/Users/ghubika/repos/dystopi-contracts/contracts/DYS/DYSVesting.sol
FN:53,onlyIfVestingScheduleNotRevoked
FN:63,constructor
FN:72,getVestingSchedulesCountByBeneficiary
FN:83,getVestingIdAtIndex
FN:95,getVestingScheduleByAddressAndIndex
FN:107,getVestingSchedulesTotalAmount
FN:117,getToken
FN:144,createVestingSchedule
FN:179,revoke
FN:199,withdraw
FN:215,release
FN:235,getVestingSchedulesCount
FN:248,computeReleasableAmount
FN:259,getVestingSchedule
FN:270,getWithdrawableAmount
FN:280,computeNextVestingScheduleIdForHolder
FN:290,computeVestingScheduleIdForAddressAndIndex
FN:301,_computeReleasableAmount
FN:320,getCurrentTime
FNF:19
FNH:17
FNDA:16,onlyIfVestingScheduleNotRevoked
FNDA:24,constructor
FNDA:3,getVestingSchedulesCountByBeneficiary
FNDA:0,getVestingIdAtIndex
FNDA:3,getVestingScheduleByAddressAndIndex
FNDA:1,getVestingSchedulesTotalAmount
FNDA:5,getToken
FNDA:12,createVestingSchedule
FNDA:3,revoke
FNDA:3,withdraw
FNDA:6,release
FNDA:1,getVestingSchedulesCount
FNDA:7,computeReleasableAmount
FNDA:5,getVestingSchedule
FNDA:29,getWithdrawableAmount
FNDA:9,computeNextVestingScheduleIdForHolder
FNDA:17,computeVestingScheduleIdForAddressAndIndex
FNDA:14,_computeReleasableAmount
FNDA:0,getCurrentTime
DA:54,16
DA:55,16
DA:56,16
DA:64,24
DA:65,24
DA:76,3
DA:87,0
DA:88,0
DA:99,3
DA:111,1
DA:121,5
DA:145,12
DA:149,11
DA:150,10
DA:151,9
DA:152,8
DA:153,8
DA:154,8
DA:155,8
DA:167,8
DA:168,8
DA:169,8
DA:180,3
DA:181,3
DA:182,2
DA:183,2
DA:184,1
DA:186,2
DA:187,2
DA:188,2
DA:189,2
DA:200,3
DA:201,2
DA:216,6
DA:217,6
DA:218,6
DA:219,6
DA:223,5
DA:224,5
DA:225,4
DA:226,4
DA:227,4
DA:228,4
DA:239,1
DA:251,7
DA:252,7
DA:263,5
DA:274,29
DA:284,9
DA:294,17
DA:305,14
DA:306,14
DA:307,2
DA:309,5
DA:311,7
DA:312,7
DA:313,7
DA:314,7
DA:315,7
DA:316,7
DA:325,0
LF:61
LH:58
BRDA:54,1,0,16
BRDA:54,1,1,0
BRDA:55,2,0,16
BRDA:55,2,1,0
BRDA:64,3,0,24
BRDA:64,3,1,0
BRDA:87,4,0,0
BRDA:87,4,1,0
BRDA:144,5,0,12
BRDA:144,5,1,0
BRDA:145,6,0,11
BRDA:145,6,1,1
BRDA:149,7,0,10
BRDA:149,7,1,1
BRDA:150,8,0,9
BRDA:150,8,1,1
BRDA:151,9,0,8
BRDA:151,9,1,1
BRDA:152,10,0,8
BRDA:152,10,1,0
BRDA:178,11,0,3
BRDA:178,11,1,1
BRDA:179,12,0,3
BRDA:179,12,1,0
BRDA:181,13,0,2
BRDA:181,13,1,1
BRDA:183,14,0,1
BRDA:183,14,1,1
BRDA:198,15,0,3
BRDA:198,15,1,0
BRDA:199,16,0,3
BRDA:199,16,1,0
BRDA:200,17,0,2
BRDA:200,17,1,1
BRDA:214,18,0,6
BRDA:214,18,1,0
BRDA:215,19,0,6
BRDA:215,19,1,0
BRDA:219,20,0,5
BRDA:219,20,1,1
BRDA:220,21,0,3
BRDA:220,21,1,2
BRDA:224,22,0,4
BRDA:224,22,1,1
BRDA:248,23,0,7
BRDA:248,23,1,0
BRDA:306,24,0,2
BRDA:306,24,1,12
BRDA:306,25,0,2
BRDA:306,25,1,0
BRDA:308,26,0,5
BRDA:308,26,1,7
BRF:52
BRH:38
end_of_record
TN:
SF:/Users/ghubika/repos/dystopi-contracts/contracts/Marketplace/InGameAssetMarketplace.sol
FN:48,constructor
FN:70,purchase
FN:132,setupAssets
FN:145,activateAssets
FN:153,pause
FN:157,unpause
FN:161,withdrawEth
FN:165,withdrawErc20
FN:169,setTrustedForwarder
FN:173,setSigner
FN:177,getSigner
FN:181,hashTransaction
FN:195,matchAddressSigner
FN:199,_msgSender
FN:208,_msgData
FNF:15
FNH:14
FNDA:84,constructor
FNDA:19,purchase
FNDA:30,setupAssets
FNDA:3,activateAssets
FNDA:2,pause
FNDA:2,unpause
FNDA:1,withdrawEth
FNDA:1,withdrawErc20
FNDA:1,setTrustedForwarder
FNDA:1,setSigner
FNDA:1,getSigner
FNDA:15,hashTransaction
FNDA:16,matchAddressSigner
FNDA:438,_msgSender
FNDA:0,_msgData
DA:56,84
DA:57,84
DA:58,84
DA:59,84
DA:60,84
DA:61,84
DA:71,19
DA:75,18
DA:79,17
DA:83,16
DA:87,15
DA:92,14
DA:93,14
DA:94,14
DA:96,14
DA:97,22
DA:99,21
DA:101,21
DA:104,20
DA:105,7
DA:108,13
DA:109,13
DA:110,4
DA:111,4
DA:113,13
DA:115,13
DA:116,13
DA:120,20
DA:123,12
DA:125,11
DA:127,11
DA:128,9
DA:133,30
DA:134,88
DA:139,87
DA:141,87
DA:146,3
DA:147,7
DA:149,7
DA:154,2
DA:158,2
DA:162,1
DA:166,1
DA:170,1
DA:174,1
DA:178,1
DA:187,15
DA:192,15
DA:196,16
DA:205,438
DA:214,0
LF:51
LH:50
BRDA:70,1,0,19
BRDA:70,1,1,1
BRDA:71,2,0,18
BRDA:71,2,1,1
BRDA:75,3,0,17
BRDA:75,3,1,1
BRDA:79,4,0,16
BRDA:79,4,1,1
BRDA:83,5,0,15
BRDA:83,5,1,1
BRDA:87,6,0,14
BRDA:87,6,1,1
BRDA:97,7,0,21
BRDA:97,7,1,1
BRDA:101,8,0,20
BRDA:101,8,1,1
BRDA:104,9,0,7
BRDA:104,9,1,13
BRDA:108,10,0,13
BRDA:108,10,1,0
BRDA:109,11,0,4
BRDA:109,11,1,9
BRDA:115,12,0,13
BRDA:115,12,1,0
BRDA:123,13,0,11
BRDA:123,13,1,1
BRDA:127,14,0,9
BRDA:127,14,1,2
BRDA:132,15,0,30
BRDA:132,15,1,1
BRDA:134,16,0,87
BRDA:134,16,1,1
BRDA:135,17,0,29
BRDA:135,17,1,58
BRDA:145,18,0,3
BRDA:145,18,1,1
BRDA:153,19,0,2
BRDA:153,19,1,1
BRDA:157,20,0,2
BRDA:157,20,1,0
BRDA:161,21,0,1
BRDA:161,21,1,1
BRDA:165,22,0,1
BRDA:165,22,1,1
BRDA:169,23,0,1
BRDA:169,23,1,1
BRDA:173,24,0,1
BRDA:173,24,1,1
BRF:48
BRH:45
end_of_record
TN:
SF:/Users/ghubika/repos/dystopi-contracts/contracts/Marketplace/InGameItemMarketplace.sol
FN:57,constructor
FN:83,purchase
FN:147,setupItemSeriesPricing
FN:186,activateItemSeries
FN:201,pause
FN:205,unpause
FN:209,withdrawEth
FN:213,withdrawErc20
FN:217,setInGameItems
FN:221,setTrustedForwarder
FN:225,setSigner
FN:229,getSigner
FN:233,getInGameItems
FN:237,getItemSeriesPricingLength
FN:241,getItemSeriesPricing
FN:254,hashTransaction
FN:269,matchAddressSigner
FN:273,_msgSender
FN:282,_msgData
FNF:19
FNH:17
FNDA:99,constructor
FNDA:20,purchase
FNDA:36,setupItemSeriesPricing
FNDA:4,activateItemSeries
FNDA:2,pause
FNDA:2,unpause
FNDA:1,withdrawEth
FNDA:1,withdrawErc20
FNDA:1,setInGameItems
FNDA:1,setTrustedForwarder
FNDA:1,setSigner
FNDA:1,getSigner
FNDA:1,getInGameItems
FNDA:0,getItemSeriesPricingLength
FNDA:38,getItemSeriesPricing
FNDA:18,hashTransaction
FNDA:20,matchAddressSigner
FNDA:500,_msgSender
FNDA:0,_msgData
DA:66,99
DA:67,99
DA:68,99
DA:69,99
DA:71,99
DA:72,99
DA:73,99
DA:84,20
DA:88,19
DA:92,18
DA:96,17
DA:100,16
DA:105,15
DA:106,15
DA:107,15
DA:109,15
DA:110,27
DA:112,26
DA:114,25
DA:117,24
DA:118,11
DA:121,13
DA:122,13
DA:123,4
DA:124,4
DA:126,13
DA:128,13
DA:129,13
DA:134,12
DA:136,11
DA:138,11
DA:139,9
DA:142,10
DA:149,36
DA:150,139
DA:151,139
DA:152,139
DA:156,138
DA:162,137
DA:163,137
DA:164,137
DA:165,137
DA:166,137
DA:168,137
DA:169,5
DA:171,132
DA:174,137
DA:187,4
DA:189,3
DA:190,9
DA:191,9
DA:193,9
DA:202,2
DA:206,2
DA:210,1
DA:214,1
DA:218,1
DA:222,1
DA:226,1
DA:230,1
DA:234,1
DA:238,0
DA:246,38
DA:251,37
DA:261,18
DA:266,18
DA:270,20
DA:279,500
DA:288,0
LF:69
LH:67
BRDA:83,1,0,20
BRDA:83,1,1,1
BRDA:84,2,0,19
BRDA:84,2,1,1
BRDA:88,3,0,18
BRDA:88,3,1,1
BRDA:92,4,0,17
BRDA:92,4,1,1
BRDA:96,5,0,16
BRDA:96,5,1,1
BRDA:100,6,0,15
BRDA:100,6,1,1
BRDA:110,7,0,26
BRDA:110,7,1,1
BRDA:114,8,0,24
BRDA:114,8,1,1
BRDA:117,9,0,11
BRDA:117,9,1,13
BRDA:121,10,0,13
BRDA:121,10,1,0
BRDA:122,11,0,4
BRDA:122,11,1,9
BRDA:128,12,0,13
BRDA:128,12,1,0
BRDA:134,13,0,11
BRDA:134,13,1,1
BRDA:138,14,0,9
BRDA:138,14,1,2
BRDA:147,15,0,36
BRDA:147,15,1,1
BRDA:152,16,0,138
BRDA:152,16,1,1
BRDA:156,17,0,137
BRDA:156,17,1,1
BRDA:157,18,0,68
BRDA:157,18,1,69
BRDA:168,19,0,5
BRDA:168,19,1,132
BRDA:186,20,0,4
BRDA:186,20,1,1
BRDA:187,21,0,3
BRDA:187,21,1,1
BRDA:201,22,0,2
BRDA:201,22,1,1
BRDA:205,23,0,2
BRDA:205,23,1,0
BRDA:209,24,0,1
BRDA:209,24,1,1
BRDA:213,25,0,1
BRDA:213,25,1,1
BRDA:217,26,0,1
BRDA:217,26,1,1
BRDA:221,27,0,1
BRDA:221,27,1,1
BRDA:225,28,0,1
BRDA:225,28,1,1
BRDA:246,29,0,37
BRDA:246,29,1,1
BRF:58
BRH:55
end_of_record
TN:
SF:/Users/ghubika/repos/dystopi-contracts/contracts/NFT/base/ERC721WithBaseUriUpgradeable.sol
FN:10,__ERC721WithBaseUriUpgradeable_init
FN:14,__ERC721WithBaseUriUpgradeable_init_unchained
FN:18,_setBaseURI
FN:22,_baseURI
FNF:4
FNH:4
FNDA:177,__ERC721WithBaseUriUpgradeable_init
FNDA:177,__ERC721WithBaseUriUpgradeable_init_unchained
FNDA:178,_setBaseURI
FNDA:1,_baseURI
DA:11,177
DA:15,177
DA:19,178
DA:23,1
LF:4
LH:4
BRDA:10,1,0,177
BRDA:10,1,1,0
BRDA:14,2,0,177
BRDA:14,2,1,0
BRF:4
BRH:2
end_of_record
TN:
SF:/Users/ghubika/repos/dystopi-contracts/contracts/NFT/InGameItems.sol
FN:54,initialize
FN:75,mint
FN:96,setupItems
FN:105,setupItemSeries
FN:143,getItem
FN:149,getItemSeries
FN:170,setBaseURI
FN:174,pause
FN:178,unpause
FN:182,setTrustedForwarder
FN:188,_beforeTokenTransfer
FN:194,_msgSender
FN:203,_msgData
FN:212,_baseURI
FN:221,supportsInterface
FNF:15
FNH:13
FNDA:177,initialize
FNDA:22,mint
FNDA:47,setupItems
FNDA:52,setupItemSeries
FNDA:3,getItem
FNDA:14,getItemSeries
FNDA:1,setBaseURI
FNDA:1,pause
FNDA:1,unpause
FNDA:1,setTrustedForwarder
FNDA:125,_beforeTokenTransfer
FNDA:907,_msgSender
FNDA:0,_msgData
FNDA:1,_baseURI
FNDA:0,supportsInterface
DA:55,177
DA:56,177
DA:57,177
DA:60,177
DA:61,177
DA:62,177
DA:63,177
DA:65,177
DA:67,177
DA:76,22
DA:80,21
DA:81,37
DA:82,36
DA:83,36
DA:88,34
DA:89,126
DA:90,126
DA:91,126
DA:97,47
DA:98,157
DA:99,157
DA:100,156
DA:101,155
DA:106,52
DA:107,191
DA:109,191
DA:114,191
DA:119,190
DA:124,188
DA:126,188
DA:127,188
DA:128,188
DA:129,188
DA:130,188
DA:132,188
DA:134,188
DA:144,3
DA:145,2
DA:146,1
DA:150,14
DA:151,14
DA:152,13
DA:156,12
DA:158,12
DA:159,12
DA:160,12
DA:161,12
DA:162,12
DA:163,12
DA:164,12
DA:165,12
DA:167,12
DA:171,1
DA:175,1
DA:179,1
DA:183,1
DA:191,125
DA:200,907
DA:209,0
DA:218,1
DA:227,0
LF:61
LH:59
BRDA:54,1,0,177
BRDA:54,1,1,0
BRDA:75,2,0,22
BRDA:75,2,1,1
BRDA:76,3,0,21
BRDA:76,3,1,1
BRDA:81,4,0,36
BRDA:81,4,1,1
BRDA:83,5,0,34
BRDA:83,5,1,2
BRDA:96,6,0,47
BRDA:96,6,1,1
BRDA:99,7,0,156
BRDA:99,7,1,1
BRDA:100,8,0,155
BRDA:100,8,1,1
BRDA:105,9,0,52
BRDA:105,9,1,1
BRDA:109,10,0,191
BRDA:109,10,1,0
BRDA:114,11,0,190
BRDA:114,11,1,1
BRDA:119,12,0,188
BRDA:119,12,1,2
BRDA:144,13,0,2
BRDA:144,13,1,1
BRDA:145,14,0,1
BRDA:145,14,1,1
BRDA:151,15,0,13
BRDA:151,15,1,1
BRDA:152,16,0,12
BRDA:152,16,1,1
BRDA:170,17,0,1
BRDA:170,17,1,1
BRDA:174,18,0,1
BRDA:174,18,1,1
BRDA:178,19,0,1
BRDA:178,19,1,0
BRDA:182,20,0,1
BRDA:182,20,1,1
BRDA:188,21,0,125
BRDA:188,21,1,1
BRF:42
BRH:39
end_of_record
TN:
SF:/Users/ghubika/repos/dystopi-contracts/contracts/NFT/interfaces/IInGameItems.sol
FNF:0
FNH:0
LF:0
LH:0
BRF:0
BRH:0
end_of_record
