TN:
SF:/Users/ghubika/repos/dystopi-contracts/contracts/_mocks/MockDYSVesting.sol
FN:17,constructor
FN:19,setCurrentTime
FN:24,getCurrentTime
FNF:3
FNH:3
FNDA:27,constructor
FNDA:5,setCurrentTime
FNDA:14,getCurrentTime
DA:21,5
DA:30,14
LF:2
LH:2
BRF:0
BRH:0
end_of_record
TN:
SF:/Users/ghubika/repos/dystopi-contracts/contracts/_mocks/MockERC20.sol
FN:12,constructor
FNF:1
FNH:1
FNDA:366,constructor
DA:13,366
LF:1
LH:1
BRF:0
BRH:0
end_of_record
TN:
SF:/Users/ghubika/repos/dystopi-contracts/contracts/DYS/DYSToken.sol
FN:7,constructor
FNF:1
FNH:1
FNDA:30,constructor
DA:8,30
LF:1
LH:1
BRF:0
BRH:0
end_of_record
TN:
SF:/Users/ghubika/repos/dystopi-contracts/contracts/DYS/DYSVesting.sol
FN:63,onlyIfVestingScheduleNotRevoked
FN:73,constructor
FN:82,getVestingSchedulesCountByBeneficiary
FN:93,getVestingIdAtIndex
FN:105,getVestingScheduleByAddressAndIndex
FN:117,getVestingSchedulesTotalAmount
FN:127,getToken
FN:154,createVestingSchedule
FN:188,createVestingSchedules
FN:209,revoke
FN:229,withdraw
FN:245,release
FN:265,getVestingSchedulesCount
FN:278,computeReleasableAmount
FN:289,getVestingSchedule
FN:300,getWithdrawableAmount
FN:310,computeNextVestingScheduleIdForHolder
FN:320,computeVestingScheduleIdForAddressAndIndex
FN:331,_computeReleasableAmount
FN:350,getCurrentTime
FNF:20
FNH:18
FNDA:16,onlyIfVestingScheduleNotRevoked
FNDA:27,constructor
FNDA:5,getVestingSchedulesCountByBeneficiary
FNDA:0,getVestingIdAtIndex
FNDA:3,getVestingScheduleByAddressAndIndex
FNDA:2,getVestingSchedulesTotalAmount
FNDA:5,getToken
FNDA:14,createVestingSchedule
FNDA:1,createVestingSchedules
FNDA:3,revoke
FNDA:3,withdraw
FNDA:6,release
FNDA:2,getVestingSchedulesCount
FNDA:7,computeReleasableAmount
FNDA:5,getVestingSchedule
FNDA:32,getWithdrawableAmount
FNDA:11,computeNextVestingScheduleIdForHolder
FNDA:19,computeVestingScheduleIdForAddressAndIndex
FNDA:14,_computeReleasableAmount
FNDA:0,getCurrentTime
DA:64,16
DA:65,16
DA:66,16
DA:74,27
DA:75,27
DA:86,5
DA:97,0
DA:98,0
DA:109,3
DA:121,2
DA:131,5
DA:155,14
DA:159,13
DA:160,12
DA:161,11
DA:162,10
DA:163,10
DA:164,10
DA:165,10
DA:177,10
DA:178,10
DA:179,10
DA:189,1
DA:190,2
DA:210,3
DA:211,3
DA:212,2
DA:213,2
DA:214,1
DA:216,2
DA:217,2
DA:218,2
DA:219,2
DA:230,3
DA:231,2
DA:246,6
DA:247,6
DA:248,6
DA:249,6
DA:253,5
DA:254,5
DA:255,4
DA:256,4
DA:257,4
DA:258,4
DA:269,2
DA:281,7
DA:282,7
DA:293,5
DA:304,32
DA:314,11
DA:324,19
DA:335,14
DA:336,14
DA:337,2
DA:339,5
DA:341,7
DA:342,7
DA:343,7
DA:344,7
DA:345,7
DA:346,7
DA:355,0
LF:63
LH:60
BRDA:64,1,0,16
BRDA:64,1,1,0
BRDA:65,2,0,16
BRDA:65,2,1,0
BRDA:74,3,0,27
BRDA:74,3,1,0
BRDA:97,4,0,0
BRDA:97,4,1,0
BRDA:154,5,0,14
BRDA:154,5,1,0
BRDA:155,6,0,13
BRDA:155,6,1,1
BRDA:159,7,0,12
BRDA:159,7,1,1
BRDA:160,8,0,11
BRDA:160,8,1,1
BRDA:161,9,0,10
BRDA:161,9,1,1
BRDA:162,10,0,10
BRDA:162,10,1,0
BRDA:188,11,0,1
BRDA:188,11,1,0
BRDA:208,12,0,3
BRDA:208,12,1,1
BRDA:209,13,0,3
BRDA:209,13,1,0
BRDA:211,14,0,2
BRDA:211,14,1,1
BRDA:213,15,0,1
BRDA:213,15,1,1
BRDA:228,16,0,3
BRDA:228,16,1,0
BRDA:229,17,0,3
BRDA:229,17,1,0
BRDA:230,18,0,2
BRDA:230,18,1,1
BRDA:244,19,0,6
BRDA:244,19,1,0
BRDA:245,20,0,6
BRDA:245,20,1,0
BRDA:249,21,0,5
BRDA:249,21,1,1
BRDA:250,22,0,3
BRDA:250,22,1,2
BRDA:254,23,0,4
BRDA:254,23,1,1
BRDA:278,24,0,7
BRDA:278,24,1,0
BRDA:336,25,0,2
BRDA:336,25,1,12
BRDA:336,26,0,2
BRDA:336,26,1,0
BRDA:338,27,0,5
BRDA:338,27,1,7
BRF:54
BRH:39
end_of_record
TN:
SF:/Users/ghubika/repos/dystopi-contracts/contracts/Marketplace/InGameAssetMarketplace.sol
FN:55,constructor
FN:78,purchase
FN:140,setupAssets
FN:159,activateAssets
FN:173,pause
FN:177,unpause
FN:181,withdrawEth
FN:185,withdrawErc20
FN:189,setTrustedForwarder
FN:193,setSigner
FN:197,getSigner
FN:201,hashTransaction
FN:216,matchAddressSigner
FN:220,_msgSender
FN:229,_msgData
FNF:15
FNH:14
FNDA:84,constructor
FNDA:19,purchase
FNDA:30,setupAssets
FNDA:3,activateAssets
FNDA:2,pause
FNDA:2,unpause
FNDA:1,withdrawEth
FNDA:1,withdrawErc20
FNDA:1,setTrustedForwarder
FNDA:1,setSigner
FNDA:1,getSigner
FNDA:15,hashTransaction
FNDA:16,matchAddressSigner
FNDA:438,_msgSender
FNDA:0,_msgData
DA:63,84
DA:64,84
DA:65,84
DA:66,84
DA:67,84
DA:68,84
DA:79,19
DA:83,18
DA:87,17
DA:91,16
DA:95,15
DA:100,14
DA:101,14
DA:102,14
DA:104,14
DA:105,22
DA:107,21
DA:109,21
DA:112,20
DA:113,7
DA:116,13
DA:117,13
DA:118,4
DA:119,4
DA:121,13
DA:123,13
DA:124,13
DA:128,20
DA:131,12
DA:133,11
DA:135,11
DA:136,9
DA:141,30
DA:142,88
DA:147,87
DA:149,87
DA:160,3
DA:161,7
DA:163,7
DA:174,2
DA:178,2
DA:182,1
DA:186,1
DA:190,1
DA:194,1
DA:198,1
DA:208,15
DA:213,15
DA:217,16
DA:226,438
DA:235,0
LF:51
LH:50
BRDA:78,1,0,19
BRDA:78,1,1,1
BRDA:79,2,0,18
BRDA:79,2,1,1
BRDA:83,3,0,17
BRDA:83,3,1,1
BRDA:87,4,0,16
BRDA:87,4,1,1
BRDA:91,5,0,15
BRDA:91,5,1,1
BRDA:95,6,0,14
BRDA:95,6,1,1
BRDA:105,7,0,21
BRDA:105,7,1,1
BRDA:109,8,0,20
BRDA:109,8,1,1
BRDA:112,9,0,7
BRDA:112,9,1,13
BRDA:116,10,0,13
BRDA:116,10,1,0
BRDA:117,11,0,4
BRDA:117,11,1,9
BRDA:123,12,0,13
BRDA:123,12,1,0
BRDA:131,13,0,11
BRDA:131,13,1,1
BRDA:135,14,0,9
BRDA:135,14,1,2
BRDA:140,15,0,30
BRDA:140,15,1,1
BRDA:142,16,0,87
BRDA:142,16,1,1
BRDA:143,17,0,29
BRDA:143,17,1,58
BRDA:159,18,0,3
BRDA:159,18,1,1
BRDA:173,19,0,2
BRDA:173,19,1,1
BRDA:177,20,0,2
BRDA:177,20,1,0
BRDA:181,21,0,1
BRDA:181,21,1,1
BRDA:185,22,0,1
BRDA:185,22,1,1
BRDA:189,23,0,1
BRDA:189,23,1,1
BRDA:193,24,0,1
BRDA:193,24,1,1
BRF:48
BRH:45
end_of_record
TN:
SF:/Users/ghubika/repos/dystopi-contracts/contracts/Marketplace/InGameItemMarketplace.sol
FN:60,constructor
FN:86,purchase
FN:150,setupItemSeriesPricing
FN:192,activateItemSeries
FN:210,pause
FN:214,unpause
FN:218,withdrawEth
FN:222,withdrawErc20
FN:226,setInGameItems
FN:230,setTrustedForwarder
FN:234,setSigner
FN:238,getSigner
FN:242,getInGameItems
FN:246,getItemSeriesPricingLength
FN:250,getItemSeriesPricing
FN:263,hashTransaction
FN:278,matchAddressSigner
FN:282,_msgSender
FN:291,_msgData
FNF:19
FNH:17
FNDA:99,constructor
FNDA:20,purchase
FNDA:36,setupItemSeriesPricing
FNDA:4,activateItemSeries
FNDA:2,pause
FNDA:2,unpause
FNDA:1,withdrawEth
FNDA:1,withdrawErc20
FNDA:1,setInGameItems
FNDA:1,setTrustedForwarder
FNDA:1,setSigner
FNDA:1,getSigner
FNDA:1,getInGameItems
FNDA:0,getItemSeriesPricingLength
FNDA:38,getItemSeriesPricing
FNDA:18,hashTransaction
FNDA:20,matchAddressSigner
FNDA:500,_msgSender
FNDA:0,_msgData
DA:69,99
DA:70,99
DA:71,99
DA:72,99
DA:74,99
DA:75,99
DA:76,99
DA:87,20
DA:91,19
DA:95,18
DA:99,17
DA:103,16
DA:108,15
DA:109,15
DA:110,15
DA:112,15
DA:113,27
DA:115,26
DA:117,25
DA:120,24
DA:121,11
DA:124,13
DA:125,13
DA:126,4
DA:127,4
DA:129,13
DA:131,13
DA:132,13
DA:137,12
DA:139,11
DA:141,11
DA:142,9
DA:145,10
DA:152,36
DA:153,139
DA:154,139
DA:155,139
DA:159,138
DA:165,137
DA:166,137
DA:167,137
DA:168,137
DA:169,137
DA:171,137
DA:172,5
DA:174,132
DA:177,137
DA:193,4
DA:195,3
DA:196,9
DA:197,9
DA:199,9
DA:211,2
DA:215,2
DA:219,1
DA:223,1
DA:227,1
DA:231,1
DA:235,1
DA:239,1
DA:243,1
DA:247,0
DA:255,38
DA:260,37
DA:270,18
DA:275,18
DA:279,20
DA:288,500
DA:297,0
LF:69
LH:67
BRDA:86,1,0,20
BRDA:86,1,1,1
BRDA:87,2,0,19
BRDA:87,2,1,1
BRDA:91,3,0,18
BRDA:91,3,1,1
BRDA:95,4,0,17
BRDA:95,4,1,1
BRDA:99,5,0,16
BRDA:99,5,1,1
BRDA:103,6,0,15
BRDA:103,6,1,1
BRDA:113,7,0,26
BRDA:113,7,1,1
BRDA:117,8,0,24
BRDA:117,8,1,1
BRDA:120,9,0,11
BRDA:120,9,1,13
BRDA:124,10,0,13
BRDA:124,10,1,0
BRDA:125,11,0,4
BRDA:125,11,1,9
BRDA:131,12,0,13
BRDA:131,12,1,0
BRDA:137,13,0,11
BRDA:137,13,1,1
BRDA:141,14,0,9
BRDA:141,14,1,2
BRDA:150,15,0,36
BRDA:150,15,1,1
BRDA:155,16,0,138
BRDA:155,16,1,1
BRDA:159,17,0,137
BRDA:159,17,1,1
BRDA:160,18,0,68
BRDA:160,18,1,69
BRDA:171,19,0,5
BRDA:171,19,1,132
BRDA:192,20,0,4
BRDA:192,20,1,1
BRDA:193,21,0,3
BRDA:193,21,1,1
BRDA:210,22,0,2
BRDA:210,22,1,1
BRDA:214,23,0,2
BRDA:214,23,1,0
BRDA:218,24,0,1
BRDA:218,24,1,1
BRDA:222,25,0,1
BRDA:222,25,1,1
BRDA:226,26,0,1
BRDA:226,26,1,1
BRDA:230,27,0,1
BRDA:230,27,1,1
BRDA:234,28,0,1
BRDA:234,28,1,1
BRDA:255,29,0,37
BRDA:255,29,1,1
BRF:58
BRH:55
end_of_record
TN:
SF:/Users/ghubika/repos/dystopi-contracts/contracts/NFT/base/ERC721WithBaseUriUpgradeable.sol
FN:10,__ERC721WithBaseUriUpgradeable_init
FN:14,__ERC721WithBaseUriUpgradeable_init_unchained
FN:18,_setBaseURI
FN:22,_baseURI
FNF:4
FNH:4
FNDA:180,__ERC721WithBaseUriUpgradeable_init
FNDA:180,__ERC721WithBaseUriUpgradeable_init_unchained
FNDA:181,_setBaseURI
FNDA:1,_baseURI
DA:11,180
DA:15,180
DA:19,181
DA:23,1
LF:4
LH:4
BRDA:10,1,0,180
BRDA:10,1,1,0
BRDA:14,2,0,180
BRDA:14,2,1,0
BRF:4
BRH:2
end_of_record
TN:
SF:/Users/ghubika/repos/dystopi-contracts/contracts/NFT/InGameItems.sol
FN:54,initialize
FN:75,mint
FN:96,setupItems
FN:106,setupItemSeries
FN:144,getItem
FN:150,getItemSeries
FN:171,setBaseURI
FN:175,pause
FN:179,unpause
FN:183,setTrustedForwarder
FN:189,_beforeTokenTransfer
FN:195,_msgSender
FN:204,_msgData
FN:213,_baseURI
FN:222,supportsInterface
FNF:15
FNH:13
FNDA:180,initialize
FNDA:22,mint
FNDA:49,setupItems
FNDA:52,setupItemSeries
FNDA:3,getItem
FNDA:14,getItemSeries
FNDA:1,setBaseURI
FNDA:1,pause
FNDA:1,unpause
FNDA:1,setTrustedForwarder
FNDA:137,_beforeTokenTransfer
FNDA:921,_msgSender
FNDA:0,_msgData
FNDA:1,_baseURI
FNDA:0,supportsInterface
DA:55,180
DA:56,180
DA:57,180
DA:60,180
DA:61,180
DA:62,180
DA:63,180
DA:65,180
DA:67,180
DA:76,22
DA:80,21
DA:81,37
DA:82,36
DA:83,36
DA:88,34
DA:89,138
DA:90,138
DA:91,138
DA:97,49
DA:98,159
DA:99,159
DA:100,158
DA:101,157
DA:102,156
DA:107,52
DA:108,191
DA:110,191
DA:115,191
DA:120,190
DA:125,188
DA:127,188
DA:128,188
DA:129,188
DA:130,188
DA:131,188
DA:133,188
DA:135,188
DA:145,3
DA:146,2
DA:147,1
DA:151,14
DA:152,14
DA:153,13
DA:157,12
DA:159,12
DA:160,12
DA:161,12
DA:162,12
DA:163,12
DA:164,12
DA:165,12
DA:166,12
DA:168,12
DA:172,1
DA:176,1
DA:180,1
DA:184,1
DA:192,137
DA:201,921
DA:210,0
DA:219,1
DA:228,0
LF:62
LH:60
BRDA:54,1,0,180
BRDA:54,1,1,0
BRDA:75,2,0,22
BRDA:75,2,1,1
BRDA:76,3,0,21
BRDA:76,3,1,1
BRDA:81,4,0,36
BRDA:81,4,1,1
BRDA:83,5,0,34
BRDA:83,5,1,2
BRDA:96,6,0,49
BRDA:96,6,1,1
BRDA:99,7,0,158
BRDA:99,7,1,1
BRDA:100,8,0,157
BRDA:100,8,1,1
BRDA:101,9,0,156
BRDA:101,9,1,1
BRDA:106,10,0,52
BRDA:106,10,1,1
BRDA:110,11,0,191
BRDA:110,11,1,0
BRDA:115,12,0,190
BRDA:115,12,1,1
BRDA:120,13,0,188
BRDA:120,13,1,2
BRDA:145,14,0,2
BRDA:145,14,1,1
BRDA:146,15,0,1
BRDA:146,15,1,1
BRDA:152,16,0,13
BRDA:152,16,1,1
BRDA:153,17,0,12
BRDA:153,17,1,1
BRDA:171,18,0,1
BRDA:171,18,1,1
BRDA:175,19,0,1
BRDA:175,19,1,1
BRDA:179,20,0,1
BRDA:179,20,1,0
BRDA:183,21,0,1
BRDA:183,21,1,1
BRDA:189,22,0,137
BRDA:189,22,1,1
BRF:44
BRH:41
end_of_record
TN:
SF:/Users/ghubika/repos/dystopi-contracts/contracts/NFT/interfaces/IInGameItems.sol
FNF:0
FNH:0
LF:0
LH:0
BRF:0
BRH:0
end_of_record
